[0.008s] Invoking command in '/home/pikachu/Documents/ros2/WorkSpace_p1/build/system_check': AMENT_PREFIX_PATH=/home/pikachu/Documents/ros2/WorkSpace_p1/install/practice:${AMENT_PREFIX_PATH} CMAKE_PREFIX_PATH=/home/pikachu/Documents/ros2/WorkSpace_p1/install/practice:/opt/ros/humble LD_LIBRARY_PATH=/home/pikachu/Documents/ros2/WorkSpace_p1/install/practice/lib:${LD_LIBRARY_PATH} PYTHONPATH=/home/pikachu/Documents/ros2/WorkSpace_p1/install/practice/local/lib/python3.10/dist-packages:${PYTHONPATH} /usr/bin/cmake --build /home/pikachu/Documents/ros2/WorkSpace_p1/build/system_check -- -j16 -l16
[0.025s] -- Found ament_cmake: 1.3.10 (/opt/ros/humble/share/ament_cmake/cmake)
[0.114s] -- Found rclcpp: 16.0.10 (/opt/ros/humble/share/rclcpp/cmake)
[0.131s] -- Found rosidl_generator_c: 3.1.5 (/opt/ros/humble/share/rosidl_generator_c/cmake)
[0.132s] -- Found rosidl_adapter: 3.1.5 (/opt/ros/humble/share/rosidl_adapter/cmake)
[0.135s] -- Found rosidl_generator_cpp: 3.1.5 (/opt/ros/humble/share/rosidl_generator_cpp/cmake)
[0.142s] -- Using all available rosidl_typesupport_c: rosidl_typesupport_fastrtps_c;rosidl_typesupport_introspection_c
[0.150s] -- Using all available rosidl_typesupport_cpp: rosidl_typesupport_fastrtps_cpp;rosidl_typesupport_introspection_cpp
[0.170s] -- Found rmw_implementation_cmake: 6.1.2 (/opt/ros/humble/share/rmw_implementation_cmake/cmake)
[0.171s] -- Found rmw_fastrtps_cpp: 6.2.7 (/opt/ros/humble/share/rmw_fastrtps_cpp/cmake)
[0.240s] -- Using RMW implementation 'rmw_fastrtps_cpp' as default
[0.268s] -- Found practice: 0.0.0 (/home/pikachu/Documents/ros2/WorkSpace_p1/install/practice/share/practice/cmake)
[0.275s] -- Found ament_lint_auto: 0.12.11 (/opt/ros/humble/share/ament_lint_auto/cmake)
[0.323s] -- Added test 'cppcheck' to perform static code analysis on C / C++ code
[0.323s] -- Configured cppcheck include dirs: 
[0.323s] -- Configured cppcheck exclude dirs and/or files: 
[0.323s] -- Added test 'lint_cmake' to check CMake code style
[0.324s] -- Added test 'uncrustify' to check C / C++ code style
[0.324s] -- Configured uncrustify additional arguments: 
[0.325s] -- Added test 'xmllint' to check XML markup files
[0.325s] [31mCMake Error at /opt/ros/humble/share/ament_cmake_target_dependencies/cmake/ament_target_dependencies.cmake:77 (message):
[0.325s]   ament_target_dependencies() the passed package name
[0.325s]   '/usr/lib/x86_64-linux-gnu/libstatgrab.so' was not found before
[0.325s] Call Stack (most recent call first):
[0.325s]   CMakeLists.txt:31 (ament_target_dependencies)
[0.325s] 
[0.325s] [0m
[0.325s] -- Configuring incomplete, errors occurred!
[0.325s] See also "/home/pikachu/Documents/ros2/WorkSpace_p1/build/system_check/CMakeFiles/CMakeOutput.log".
[0.333s] gmake: *** [Makefile:267: cmake_check_build_system] Error 1
[0.335s] Invoked command in '/home/pikachu/Documents/ros2/WorkSpace_p1/build/system_check' returned '2': AMENT_PREFIX_PATH=/home/pikachu/Documents/ros2/WorkSpace_p1/install/practice:${AMENT_PREFIX_PATH} CMAKE_PREFIX_PATH=/home/pikachu/Documents/ros2/WorkSpace_p1/install/practice:/opt/ros/humble LD_LIBRARY_PATH=/home/pikachu/Documents/ros2/WorkSpace_p1/install/practice/lib:${LD_LIBRARY_PATH} PYTHONPATH=/home/pikachu/Documents/ros2/WorkSpace_p1/install/practice/local/lib/python3.10/dist-packages:${PYTHONPATH} /usr/bin/cmake --build /home/pikachu/Documents/ros2/WorkSpace_p1/build/system_check -- -j16 -l16
