-- Found ament_cmake: 1.3.10 (/opt/ros/humble/share/ament_cmake/cmake)
-- Found builtin_interfaces: 1.2.1 (/opt/ros/humble/share/builtin_interfaces/cmake)
-- Found rosidl_generator_c: 3.1.5 (/opt/ros/humble/share/rosidl_generator_c/cmake)
-- Found rosidl_adapter: 3.1.5 (/opt/ros/humble/share/rosidl_adapter/cmake)
-- Found rosidl_generator_cpp: 3.1.5 (/opt/ros/humble/share/rosidl_generator_cpp/cmake)
-- Using all available rosidl_typesupport_c: rosidl_typesupport_fastrtps_c;rosidl_typesupport_introspection_c
-- Using all available rosidl_typesupport_cpp: rosidl_typesupport_fastrtps_cpp;rosidl_typesupport_introspection_cpp
-- Found rosidl_default_generators: 1.2.0 (/opt/ros/humble/share/rosidl_default_generators/cmake)
-- Found rclcpp: 16.0.10 (/opt/ros/humble/share/rclcpp/cmake)
-- Found rmw_implementation_cmake: 6.1.2 (/opt/ros/humble/share/rmw_implementation_cmake/cmake)
-- Found rmw_fastrtps_cpp: 6.2.7 (/opt/ros/humble/share/rmw_fastrtps_cpp/cmake)
-- Using RMW implementation 'rmw_fastrtps_cpp' as default
-- Found ament_cmake_ros: 0.10.0 (/opt/ros/humble/share/ament_cmake_ros/cmake)
-- Using all available rosidl_typesupport_c: rosidl_typesupport_fastrtps_c;rosidl_typesupport_introspection_c
-- Using all available rosidl_typesupport_cpp: rosidl_typesupport_fastrtps_cpp;rosidl_typesupport_introspection_cpp
-- Found python_cmake_module: 0.10.0 (/opt/ros/humble/share/python_cmake_module/cmake)
-- Using PYTHON_EXECUTABLE: /usr/bin/python3
-- Using PYTHON_INCLUDE_DIRS: /usr/include/python3.10
-- Using PYTHON_LIBRARIES: /usr/lib/x86_64-linux-gnu/libpython3.10.so
-- Found ament_lint_auto: 0.12.11 (/opt/ros/humble/share/ament_lint_auto/cmake)
-- Added test 'lint_cmake' to check CMake code style
-- Added test 'xmllint' to check XML markup files
-- Configuring done
-- Generating done
-- Build files have been written to: /home/pikachu/Documents/ros2/WorkSpace_p1/build/practice
[35m[1mConsolidate compiler generated dependencies of target practice__rosidl_generator_c[0m
[  3%] Built target practice__cpp
[ 12%] Built target practice__rosidl_generator_c
[ 12%] Built target ament_cmake_python_copy_practice
[35m[1mConsolidate compiler generated dependencies of target practice__rosidl_typesupport_introspection_cpp[0m
[35m[1mConsolidate compiler generated dependencies of target practice__rosidl_typesupport_fastrtps_c[0m
[35m[1mConsolidate compiler generated dependencies of target practice__rosidl_typesupport_introspection_c[0m
[35m[1mConsolidate compiler generated dependencies of target practice__rosidl_typesupport_cpp[0m
[35m[1mConsolidate compiler generated dependencies of target practice__rosidl_typesupport_c[0m
[35m[1mConsolidate compiler generated dependencies of target practice__rosidl_typesupport_fastrtps_cpp[0m
[ 32%] Built target practice__rosidl_typesupport_introspection_cpp
[ 32%] Built target practice__rosidl_typesupport_c
[ 41%] Built target practice__rosidl_typesupport_cpp
[ 51%] Built target practice__rosidl_typesupport_fastrtps_cpp
[ 61%] Built target practice__rosidl_typesupport_introspection_c
[ 70%] Built target practice__rosidl_typesupport_fastrtps_c
[ 70%] Built target practice
[ 74%] Built target practice__py
[35m[1mConsolidate compiler generated dependencies of target practice__rosidl_generator_py[0m
[ 80%] Built target practice__rosidl_generator_py
[35m[1mConsolidate compiler generated dependencies of target practice__rosidl_typesupport_c__pyext[0m
[35m[1mConsolidate compiler generated dependencies of target practice__rosidl_typesupport_fastrtps_c__pyext[0m
[35m[1mConsolidate compiler generated dependencies of target practice__rosidl_typesupport_introspection_c__pyext[0m
[100%] Built target practice__rosidl_typesupport_introspection_c__pyext
[100%] Built target practice__rosidl_typesupport_c__pyext
[100%] Built target practice__rosidl_typesupport_fastrtps_c__pyext
running egg_info
writing practice.egg-info/PKG-INFO
writing dependency_links to practice.egg-info/dependency_links.txt
writing top-level names to practice.egg-info/top_level.txt
reading manifest file 'practice.egg-info/SOURCES.txt'
writing manifest file 'practice.egg-info/SOURCES.txt'
[100%] Built target ament_cmake_python_build_practice_egg
-- Install configuration: ""
-- Up-to-date: /home/pikachu/Documents/ros2/WorkSpace_p1/install/practice/share/ament_index/resource_index/rosidl_interfaces/practice
-- Up-to-date: /home/pikachu/Documents/ros2/WorkSpace_p1/install/practice/include/practice/practice
-- Up-to-date: /home/pikachu/Documents/ros2/WorkSpace_p1/install/practice/include/practice/practice/msg
-- Up-to-date: /home/pikachu/Documents/ros2/WorkSpace_p1/install/practice/include/practice/practice/msg/rosidl_generator_c__visibility_control.h
-- Up-to-date: /home/pikachu/Documents/ros2/WorkSpace_p1/install/practice/include/practice/practice/msg/system_status.h
-- Up-to-date: /home/pikachu/Documents/ros2/WorkSpace_p1/install/practice/include/practice/practice/msg/detail
-- Up-to-date: /home/pikachu/Documents/ros2/WorkSpace_p1/install/practice/include/practice/practice/msg/detail/system_status__functions.h
-- Up-to-date: /home/pikachu/Documents/ros2/WorkSpace_p1/install/practice/include/practice/practice/msg/detail/system_status__functions.c
-- Up-to-date: /home/pikachu/Documents/ros2/WorkSpace_p1/install/practice/include/practice/practice/msg/detail/system_status__struct.h
-- Up-to-date: /home/pikachu/Documents/ros2/WorkSpace_p1/install/practice/include/practice/practice/msg/detail/system_status__type_support.h
-- Up-to-date: /home/pikachu/Documents/ros2/WorkSpace_p1/install/practice/share/practice/environment/library_path.sh
-- Installing: /home/pikachu/Documents/ros2/WorkSpace_p1/install/practice/share/practice/environment/library_path.dsv
-- Up-to-date: /home/pikachu/Documents/ros2/WorkSpace_p1/install/practice/lib/libpractice__rosidl_generator_c.so
-- Up-to-date: /home/pikachu/Documents/ros2/WorkSpace_p1/install/practice/include/practice/practice
-- Up-to-date: /home/pikachu/Documents/ros2/WorkSpace_p1/install/practice/include/practice/practice/msg
-- Up-to-date: /home/pikachu/Documents/ros2/WorkSpace_p1/install/practice/include/practice/practice/msg/rosidl_typesupport_fastrtps_c__visibility_control.h
-- Up-to-date: /home/pikachu/Documents/ros2/WorkSpace_p1/install/practice/include/practice/practice/msg/detail
-- Up-to-date: /home/pikachu/Documents/ros2/WorkSpace_p1/install/practice/include/practice/practice/msg/detail/system_status__rosidl_typesupport_fastrtps_c.h
-- Up-to-date: /home/pikachu/Documents/ros2/WorkSpace_p1/install/practice/lib/libpractice__rosidl_typesupport_fastrtps_c.so
-- Up-to-date: /home/pikachu/Documents/ros2/WorkSpace_p1/install/practice/include/practice/practice
-- Up-to-date: /home/pikachu/Documents/ros2/WorkSpace_p1/install/practice/include/practice/practice/msg
-- Up-to-date: /home/pikachu/Documents/ros2/WorkSpace_p1/install/practice/include/practice/practice/msg/system_status.hpp
-- Up-to-date: /home/pikachu/Documents/ros2/WorkSpace_p1/install/practice/include/practice/practice/msg/detail
-- Up-to-date: /home/pikachu/Documents/ros2/WorkSpace_p1/install/practice/include/practice/practice/msg/detail/system_status__traits.hpp
-- Up-to-date: /home/pikachu/Documents/ros2/WorkSpace_p1/install/practice/include/practice/practice/msg/detail/system_status__builder.hpp
-- Up-to-date: /home/pikachu/Documents/ros2/WorkSpace_p1/install/practice/include/practice/practice/msg/detail/system_status__struct.hpp
-- Up-to-date: /home/pikachu/Documents/ros2/WorkSpace_p1/install/practice/include/practice/practice
-- Up-to-date: /home/pikachu/Documents/ros2/WorkSpace_p1/install/practice/include/practice/practice/msg
-- Up-to-date: /home/pikachu/Documents/ros2/WorkSpace_p1/install/practice/include/practice/practice/msg/rosidl_typesupport_fastrtps_cpp__visibility_control.h
-- Up-to-date: /home/pikachu/Documents/ros2/WorkSpace_p1/install/practice/include/practice/practice/msg/detail
-- Up-to-date: /home/pikachu/Documents/ros2/WorkSpace_p1/install/practice/include/practice/practice/msg/detail/dds_fastrtps
-- Up-to-date: /home/pikachu/Documents/ros2/WorkSpace_p1/install/practice/include/practice/practice/msg/detail/system_status__rosidl_typesupport_fastrtps_cpp.hpp
-- Up-to-date: /home/pikachu/Documents/ros2/WorkSpace_p1/install/practice/lib/libpractice__rosidl_typesupport_fastrtps_cpp.so
-- Up-to-date: /home/pikachu/Documents/ros2/WorkSpace_p1/install/practice/include/practice/practice
-- Up-to-date: /home/pikachu/Documents/ros2/WorkSpace_p1/install/practice/include/practice/practice/msg
-- Up-to-date: /home/pikachu/Documents/ros2/WorkSpace_p1/install/practice/include/practice/practice/msg/rosidl_typesupport_introspection_c__visibility_control.h
-- Up-to-date: /home/pikachu/Documents/ros2/WorkSpace_p1/install/practice/include/practice/practice/msg/detail
-- Up-to-date: /home/pikachu/Documents/ros2/WorkSpace_p1/install/practice/include/practice/practice/msg/detail/system_status__type_support.c
-- Up-to-date: /home/pikachu/Documents/ros2/WorkSpace_p1/install/practice/include/practice/practice/msg/detail/system_status__rosidl_typesupport_introspection_c.h
-- Up-to-date: /home/pikachu/Documents/ros2/WorkSpace_p1/install/practice/lib/libpractice__rosidl_typesupport_introspection_c.so
-- Up-to-date: /home/pikachu/Documents/ros2/WorkSpace_p1/install/practice/lib/libpractice__rosidl_typesupport_c.so
-- Up-to-date: /home/pikachu/Documents/ros2/WorkSpace_p1/install/practice/include/practice/practice
-- Up-to-date: /home/pikachu/Documents/ros2/WorkSpace_p1/install/practice/include/practice/practice/msg
-- Up-to-date: /home/pikachu/Documents/ros2/WorkSpace_p1/install/practice/include/practice/practice/msg/detail
-- Up-to-date: /home/pikachu/Documents/ros2/WorkSpace_p1/install/practice/include/practice/practice/msg/detail/system_status__type_support.cpp
-- Up-to-date: /home/pikachu/Documents/ros2/WorkSpace_p1/install/practice/include/practice/practice/msg/detail/system_status__rosidl_typesupport_introspection_cpp.hpp
-- Up-to-date: /home/pikachu/Documents/ros2/WorkSpace_p1/install/practice/lib/libpractice__rosidl_typesupport_introspection_cpp.so
-- Up-to-date: /home/pikachu/Documents/ros2/WorkSpace_p1/install/practice/lib/libpractice__rosidl_typesupport_cpp.so
-- Up-to-date: /home/pikachu/Documents/ros2/WorkSpace_p1/install/practice/share/practice/environment/pythonpath.sh
-- Installing: /home/pikachu/Documents/ros2/WorkSpace_p1/install/practice/share/practice/environment/pythonpath.dsv
-- Up-to-date: /home/pikachu/Documents/ros2/WorkSpace_p1/install/practice/local/lib/python3.10/dist-packages/practice-0.0.0-py3.10.egg-info
-- Installing: /home/pikachu/Documents/ros2/WorkSpace_p1/install/practice/local/lib/python3.10/dist-packages/practice-0.0.0-py3.10.egg-info/top_level.txt
-- Installing: /home/pikachu/Documents/ros2/WorkSpace_p1/install/practice/local/lib/python3.10/dist-packages/practice-0.0.0-py3.10.egg-info/PKG-INFO
-- Installing: /home/pikachu/Documents/ros2/WorkSpace_p1/install/practice/local/lib/python3.10/dist-packages/practice-0.0.0-py3.10.egg-info/dependency_links.txt
-- Installing: /home/pikachu/Documents/ros2/WorkSpace_p1/install/practice/local/lib/python3.10/dist-packages/practice-0.0.0-py3.10.egg-info/SOURCES.txt
-- Up-to-date: /home/pikachu/Documents/ros2/WorkSpace_p1/install/practice/local/lib/python3.10/dist-packages/practice
-- Installing: /home/pikachu/Documents/ros2/WorkSpace_p1/install/practice/local/lib/python3.10/dist-packages/practice/__init__.py
-- Up-to-date: /home/pikachu/Documents/ros2/WorkSpace_p1/install/practice/local/lib/python3.10/dist-packages/practice/_practice_s.ep.rosidl_typesupport_fastrtps_c.c
-- Up-to-date: /home/pikachu/Documents/ros2/WorkSpace_p1/install/practice/local/lib/python3.10/dist-packages/practice/libpractice__rosidl_generator_py.so
-- Up-to-date: /home/pikachu/Documents/ros2/WorkSpace_p1/install/practice/local/lib/python3.10/dist-packages/practice/msg
-- Up-to-date: /home/pikachu/Documents/ros2/WorkSpace_p1/install/practice/local/lib/python3.10/dist-packages/practice/msg/__init__.py
-- Up-to-date: /home/pikachu/Documents/ros2/WorkSpace_p1/install/practice/local/lib/python3.10/dist-packages/practice/msg/_system_status.py
-- Up-to-date: /home/pikachu/Documents/ros2/WorkSpace_p1/install/practice/local/lib/python3.10/dist-packages/practice/msg/_system_status_s.c
-- Up-to-date: /home/pikachu/Documents/ros2/WorkSpace_p1/install/practice/local/lib/python3.10/dist-packages/practice/practice_s__rosidl_typesupport_fastrtps_c.cpython-310-x86_64-linux-gnu.so
-- Up-to-date: /home/pikachu/Documents/ros2/WorkSpace_p1/install/practice/local/lib/python3.10/dist-packages/practice/practice_s__rosidl_typesupport_introspection_c.cpython-310-x86_64-linux-gnu.so
-- Up-to-date: /home/pikachu/Documents/ros2/WorkSpace_p1/install/practice/local/lib/python3.10/dist-packages/practice/practice_s__rosidl_typesupport_c.cpython-310-x86_64-linux-gnu.so
-- Up-to-date: /home/pikachu/Documents/ros2/WorkSpace_p1/install/practice/local/lib/python3.10/dist-packages/practice/_practice_s.ep.rosidl_typesupport_c.c
-- Up-to-date: /home/pikachu/Documents/ros2/WorkSpace_p1/install/practice/local/lib/python3.10/dist-packages/practice/_practice_s.ep.rosidl_typesupport_introspection_c.c
Listing '/home/pikachu/Documents/ros2/WorkSpace_p1/install/practice/local/lib/python3.10/dist-packages/practice'...
Compiling '/home/pikachu/Documents/ros2/WorkSpace_p1/install/practice/local/lib/python3.10/dist-packages/practice/__init__.py'...
Listing '/home/pikachu/Documents/ros2/WorkSpace_p1/install/practice/local/lib/python3.10/dist-packages/practice/msg'...
-- Up-to-date: /home/pikachu/Documents/ros2/WorkSpace_p1/install/practice/local/lib/python3.10/dist-packages/practice/practice_s__rosidl_typesupport_fastrtps_c.cpython-310-x86_64-linux-gnu.so
-- Up-to-date: /home/pikachu/Documents/ros2/WorkSpace_p1/install/practice/local/lib/python3.10/dist-packages/practice/practice_s__rosidl_typesupport_introspection_c.cpython-310-x86_64-linux-gnu.so
-- Up-to-date: /home/pikachu/Documents/ros2/WorkSpace_p1/install/practice/local/lib/python3.10/dist-packages/practice/practice_s__rosidl_typesupport_c.cpython-310-x86_64-linux-gnu.so
-- Up-to-date: /home/pikachu/Documents/ros2/WorkSpace_p1/install/practice/lib/libpractice__rosidl_generator_py.so
-- Up-to-date: /home/pikachu/Documents/ros2/WorkSpace_p1/install/practice/share/practice/msg/SystemStatus.idl
-- Up-to-date: /home/pikachu/Documents/ros2/WorkSpace_p1/install/practice/share/practice/msg/SystemStatus.msg
-- Up-to-date: /home/pikachu/Documents/ros2/WorkSpace_p1/install/practice/share/ament_index/resource_index/package_run_dependencies/practice
-- Up-to-date: /home/pikachu/Documents/ros2/WorkSpace_p1/install/practice/share/ament_index/resource_index/parent_prefix_path/practice
-- Up-to-date: /home/pikachu/Documents/ros2/WorkSpace_p1/install/practice/share/practice/environment/ament_prefix_path.sh
-- Installing: /home/pikachu/Documents/ros2/WorkSpace_p1/install/practice/share/practice/environment/ament_prefix_path.dsv
-- Up-to-date: /home/pikachu/Documents/ros2/WorkSpace_p1/install/practice/share/practice/environment/path.sh
-- Installing: /home/pikachu/Documents/ros2/WorkSpace_p1/install/practice/share/practice/environment/path.dsv
-- Up-to-date: /home/pikachu/Documents/ros2/WorkSpace_p1/install/practice/share/practice/local_setup.bash
-- Up-to-date: /home/pikachu/Documents/ros2/WorkSpace_p1/install/practice/share/practice/local_setup.sh
-- Up-to-date: /home/pikachu/Documents/ros2/WorkSpace_p1/install/practice/share/practice/local_setup.zsh
-- Installing: /home/pikachu/Documents/ros2/WorkSpace_p1/install/practice/share/practice/local_setup.dsv
-- Installing: /home/pikachu/Documents/ros2/WorkSpace_p1/install/practice/share/practice/package.dsv
-- Up-to-date: /home/pikachu/Documents/ros2/WorkSpace_p1/install/practice/share/ament_index/resource_index/packages/practice
-- Up-to-date: /home/pikachu/Documents/ros2/WorkSpace_p1/install/practice/share/practice/cmake/export_practice__rosidl_generator_cExport.cmake
-- Up-to-date: /home/pikachu/Documents/ros2/WorkSpace_p1/install/practice/share/practice/cmake/export_practice__rosidl_generator_cExport-noconfig.cmake
-- Up-to-date: /home/pikachu/Documents/ros2/WorkSpace_p1/install/practice/share/practice/cmake/export_practice__rosidl_typesupport_fastrtps_cExport.cmake
-- Up-to-date: /home/pikachu/Documents/ros2/WorkSpace_p1/install/practice/share/practice/cmake/export_practice__rosidl_typesupport_fastrtps_cExport-noconfig.cmake
-- Up-to-date: /home/pikachu/Documents/ros2/WorkSpace_p1/install/practice/share/practice/cmake/export_practice__rosidl_generator_cppExport.cmake
-- Up-to-date: /home/pikachu/Documents/ros2/WorkSpace_p1/install/practice/share/practice/cmake/export_practice__rosidl_typesupport_fastrtps_cppExport.cmake
-- Up-to-date: /home/pikachu/Documents/ros2/WorkSpace_p1/install/practice/share/practice/cmake/export_practice__rosidl_typesupport_fastrtps_cppExport-noconfig.cmake
-- Up-to-date: /home/pikachu/Documents/ros2/WorkSpace_p1/install/practice/share/practice/cmake/practice__rosidl_typesupport_introspection_cExport.cmake
-- Up-to-date: /home/pikachu/Documents/ros2/WorkSpace_p1/install/practice/share/practice/cmake/practice__rosidl_typesupport_introspection_cExport-noconfig.cmake
-- Up-to-date: /home/pikachu/Documents/ros2/WorkSpace_p1/install/practice/share/practice/cmake/practice__rosidl_typesupport_cExport.cmake
-- Up-to-date: /home/pikachu/Documents/ros2/WorkSpace_p1/install/practice/share/practice/cmake/practice__rosidl_typesupport_cExport-noconfig.cmake
-- Up-to-date: /home/pikachu/Documents/ros2/WorkSpace_p1/install/practice/share/practice/cmake/practice__rosidl_typesupport_introspection_cppExport.cmake
-- Up-to-date: /home/pikachu/Documents/ros2/WorkSpace_p1/install/practice/share/practice/cmake/practice__rosidl_typesupport_introspection_cppExport-noconfig.cmake
-- Up-to-date: /home/pikachu/Documents/ros2/WorkSpace_p1/install/practice/share/practice/cmake/practice__rosidl_typesupport_cppExport.cmake
-- Up-to-date: /home/pikachu/Documents/ros2/WorkSpace_p1/install/practice/share/practice/cmake/practice__rosidl_typesupport_cppExport-noconfig.cmake
-- Up-to-date: /home/pikachu/Documents/ros2/WorkSpace_p1/install/practice/share/practice/cmake/export_practice__rosidl_generator_pyExport.cmake
-- Up-to-date: /home/pikachu/Documents/ros2/WorkSpace_p1/install/practice/share/practice/cmake/export_practice__rosidl_generator_pyExport-noconfig.cmake
-- Up-to-date: /home/pikachu/Documents/ros2/WorkSpace_p1/install/practice/share/practice/cmake/rosidl_cmake-extras.cmake
-- Up-to-date: /home/pikachu/Documents/ros2/WorkSpace_p1/install/practice/share/practice/cmake/ament_cmake_export_dependencies-extras.cmake
-- Up-to-date: /home/pikachu/Documents/ros2/WorkSpace_p1/install/practice/share/practice/cmake/ament_cmake_export_include_directories-extras.cmake
-- Up-to-date: /home/pikachu/Documents/ros2/WorkSpace_p1/install/practice/share/practice/cmake/ament_cmake_export_libraries-extras.cmake
-- Up-to-date: /home/pikachu/Documents/ros2/WorkSpace_p1/install/practice/share/practice/cmake/ament_cmake_export_targets-extras.cmake
-- Up-to-date: /home/pikachu/Documents/ros2/WorkSpace_p1/install/practice/share/practice/cmake/rosidl_cmake_export_typesupport_targets-extras.cmake
-- Up-to-date: /home/pikachu/Documents/ros2/WorkSpace_p1/install/practice/share/practice/cmake/rosidl_cmake_export_typesupport_libraries-extras.cmake
-- Up-to-date: /home/pikachu/Documents/ros2/WorkSpace_p1/install/practice/share/practice/cmake/practiceConfig.cmake
-- Up-to-date: /home/pikachu/Documents/ros2/WorkSpace_p1/install/practice/share/practice/cmake/practiceConfig-version.cmake
-- Up-to-date: /home/pikachu/Documents/ros2/WorkSpace_p1/install/practice/share/practice/package.xml
