[0.011s] Invoking command in '/home/pikachu/Documents/ros2/WorkSpace_p1/build/practice': CMAKE_PREFIX_PATH=/opt/ros/humble /usr/bin/cmake --build /home/pikachu/Documents/ros2/WorkSpace_p1/build/practice -- -j16 -l16
[0.036s] -- Found ament_cmake: 1.3.10 (/opt/ros/humble/share/ament_cmake/cmake)
[0.135s] -- Found builtin_interfaces: 1.2.1 (/opt/ros/humble/share/builtin_interfaces/cmake)
[0.150s] -- Found rosidl_generator_c: 3.1.5 (/opt/ros/humble/share/rosidl_generator_c/cmake)
[0.152s] -- Found rosidl_adapter: 3.1.5 (/opt/ros/humble/share/rosidl_adapter/cmake)
[0.155s] -- Found rosidl_generator_cpp: 3.1.5 (/opt/ros/humble/share/rosidl_generator_cpp/cmake)
[0.160s] -- Using all available rosidl_typesupport_c: rosidl_typesupport_fastrtps_c;rosidl_typesupport_introspection_c
[0.167s] -- Using all available rosidl_typesupport_cpp: rosidl_typesupport_fastrtps_cpp;rosidl_typesupport_introspection_cpp
[0.174s] -- Found rosidl_default_generators: 1.2.0 (/opt/ros/humble/share/rosidl_default_generators/cmake)
[0.178s] -- Found rclcpp: 16.0.10 (/opt/ros/humble/share/rclcpp/cmake)
[0.194s] -- Found rmw_implementation_cmake: 6.1.2 (/opt/ros/humble/share/rmw_implementation_cmake/cmake)
[0.194s] -- Found rmw_fastrtps_cpp: 6.2.7 (/opt/ros/humble/share/rmw_fastrtps_cpp/cmake)
[0.257s] -- Using RMW implementation 'rmw_fastrtps_cpp' as default
[0.468s] -- Found ament_cmake_ros: 0.10.0 (/opt/ros/humble/share/ament_cmake_ros/cmake)
[0.685s] -- Using all available rosidl_typesupport_c: rosidl_typesupport_fastrtps_c;rosidl_typesupport_introspection_c
[0.767s] -- Using all available rosidl_typesupport_cpp: rosidl_typesupport_fastrtps_cpp;rosidl_typesupport_introspection_cpp
[0.784s] -- Found python_cmake_module: 0.10.0 (/opt/ros/humble/share/python_cmake_module/cmake)
[0.802s] -- Using PYTHON_EXECUTABLE: /usr/bin/python3
[0.802s] -- Using PYTHON_INCLUDE_DIRS: /usr/include/python3.10
[0.802s] -- Using PYTHON_LIBRARIES: /usr/lib/x86_64-linux-gnu/libpython3.10.so
[0.814s] -- Found ament_lint_auto: 0.12.11 (/opt/ros/humble/share/ament_lint_auto/cmake)
[0.823s] -- Added test 'lint_cmake' to check CMake code style
[0.824s] -- Added test 'xmllint' to check XML markup files
[0.828s] -- Configuring done
[0.864s] -- Generating done
[0.868s] -- Build files have been written to: /home/pikachu/Documents/ros2/WorkSpace_p1/build/practice
[0.896s] [35m[1mConsolidate compiler generated dependencies of target practice__rosidl_generator_c[0m
[0.904s] [  3%] Built target practice__cpp
[0.905s] [ 12%] Built target practice__rosidl_generator_c
[0.913s] [ 12%] Built target ament_cmake_python_copy_practice
[0.914s] [35m[1mConsolidate compiler generated dependencies of target practice__rosidl_typesupport_introspection_cpp[0m
[0.914s] [35m[1mConsolidate compiler generated dependencies of target practice__rosidl_typesupport_fastrtps_c[0m
[0.914s] [35m[1mConsolidate compiler generated dependencies of target practice__rosidl_typesupport_introspection_c[0m
[0.914s] [35m[1mConsolidate compiler generated dependencies of target practice__rosidl_typesupport_cpp[0m
[0.914s] [35m[1mConsolidate compiler generated dependencies of target practice__rosidl_typesupport_c[0m
[0.915s] [35m[1mConsolidate compiler generated dependencies of target practice__rosidl_typesupport_fastrtps_cpp[0m
[0.924s] [ 32%] Built target practice__rosidl_typesupport_introspection_cpp
[0.924s] [ 32%] Built target practice__rosidl_typesupport_c
[0.925s] [ 41%] Built target practice__rosidl_typesupport_cpp
[0.925s] [ 51%] Built target practice__rosidl_typesupport_fastrtps_cpp
[0.925s] [ 61%] Built target practice__rosidl_typesupport_introspection_c
[0.926s] [ 70%] Built target practice__rosidl_typesupport_fastrtps_c
[0.943s] [ 70%] Built target practice
[0.959s] [ 74%] Built target practice__py
[0.971s] [35m[1mConsolidate compiler generated dependencies of target practice__rosidl_generator_py[0m
[0.985s] [ 80%] Built target practice__rosidl_generator_py
[0.995s] [35m[1mConsolidate compiler generated dependencies of target practice__rosidl_typesupport_c__pyext[0m
[0.996s] [35m[1mConsolidate compiler generated dependencies of target practice__rosidl_typesupport_fastrtps_c__pyext[0m
[0.997s] [35m[1mConsolidate compiler generated dependencies of target practice__rosidl_typesupport_introspection_c__pyext[0m
[1.006s] [100%] Built target practice__rosidl_typesupport_introspection_c__pyext
[1.006s] [100%] Built target practice__rosidl_typesupport_c__pyext
[1.006s] [100%] Built target practice__rosidl_typesupport_fastrtps_c__pyext
[1.090s] running egg_info
[1.091s] writing practice.egg-info/PKG-INFO
[1.091s] writing dependency_links to practice.egg-info/dependency_links.txt
[1.092s] writing top-level names to practice.egg-info/top_level.txt
[1.095s] reading manifest file 'practice.egg-info/SOURCES.txt'
[1.095s] writing manifest file 'practice.egg-info/SOURCES.txt'
[1.138s] [100%] Built target ament_cmake_python_build_practice_egg
[1.149s] Invoked command in '/home/pikachu/Documents/ros2/WorkSpace_p1/build/practice' returned '0': CMAKE_PREFIX_PATH=/opt/ros/humble /usr/bin/cmake --build /home/pikachu/Documents/ros2/WorkSpace_p1/build/practice -- -j16 -l16
[1.203s] Invoking command in '/home/pikachu/Documents/ros2/WorkSpace_p1/build/practice': CMAKE_PREFIX_PATH=/opt/ros/humble /usr/bin/cmake --install /home/pikachu/Documents/ros2/WorkSpace_p1/build/practice
[1.209s] -- Install configuration: ""
[1.209s] -- Up-to-date: /home/pikachu/Documents/ros2/WorkSpace_p1/install/practice/share/ament_index/resource_index/rosidl_interfaces/practice
[1.209s] -- Up-to-date: /home/pikachu/Documents/ros2/WorkSpace_p1/install/practice/include/practice/practice
[1.209s] -- Up-to-date: /home/pikachu/Documents/ros2/WorkSpace_p1/install/practice/include/practice/practice/msg
[1.210s] -- Up-to-date: /home/pikachu/Documents/ros2/WorkSpace_p1/install/practice/include/practice/practice/msg/rosidl_generator_c__visibility_control.h
[1.210s] -- Up-to-date: /home/pikachu/Documents/ros2/WorkSpace_p1/install/practice/include/practice/practice/msg/system_status.h
[1.210s] -- Up-to-date: /home/pikachu/Documents/ros2/WorkSpace_p1/install/practice/include/practice/practice/msg/detail
[1.211s] -- Up-to-date: /home/pikachu/Documents/ros2/WorkSpace_p1/install/practice/include/practice/practice/msg/detail/system_status__functions.h
[1.211s] -- Up-to-date: /home/pikachu/Documents/ros2/WorkSpace_p1/install/practice/include/practice/practice/msg/detail/system_status__functions.c
[1.211s] -- Up-to-date: /home/pikachu/Documents/ros2/WorkSpace_p1/install/practice/include/practice/practice/msg/detail/system_status__struct.h
[1.211s] -- Up-to-date: /home/pikachu/Documents/ros2/WorkSpace_p1/install/practice/include/practice/practice/msg/detail/system_status__type_support.h
[1.211s] -- Up-to-date: /home/pikachu/Documents/ros2/WorkSpace_p1/install/practice/share/practice/environment/library_path.sh
[1.211s] -- Installing: /home/pikachu/Documents/ros2/WorkSpace_p1/install/practice/share/practice/environment/library_path.dsv
[1.211s] -- Up-to-date: /home/pikachu/Documents/ros2/WorkSpace_p1/install/practice/lib/libpractice__rosidl_generator_c.so
[1.211s] -- Up-to-date: /home/pikachu/Documents/ros2/WorkSpace_p1/install/practice/include/practice/practice
[1.211s] -- Up-to-date: /home/pikachu/Documents/ros2/WorkSpace_p1/install/practice/include/practice/practice/msg
[1.211s] -- Up-to-date: /home/pikachu/Documents/ros2/WorkSpace_p1/install/practice/include/practice/practice/msg/rosidl_typesupport_fastrtps_c__visibility_control.h
[1.212s] -- Up-to-date: /home/pikachu/Documents/ros2/WorkSpace_p1/install/practice/include/practice/practice/msg/detail
[1.212s] -- Up-to-date: /home/pikachu/Documents/ros2/WorkSpace_p1/install/practice/include/practice/practice/msg/detail/system_status__rosidl_typesupport_fastrtps_c.h
[1.212s] -- Up-to-date: /home/pikachu/Documents/ros2/WorkSpace_p1/install/practice/lib/libpractice__rosidl_typesupport_fastrtps_c.so
[1.212s] -- Up-to-date: /home/pikachu/Documents/ros2/WorkSpace_p1/install/practice/include/practice/practice
[1.212s] -- Up-to-date: /home/pikachu/Documents/ros2/WorkSpace_p1/install/practice/include/practice/practice/msg
[1.212s] -- Up-to-date: /home/pikachu/Documents/ros2/WorkSpace_p1/install/practice/include/practice/practice/msg/system_status.hpp
[1.212s] -- Up-to-date: /home/pikachu/Documents/ros2/WorkSpace_p1/install/practice/include/practice/practice/msg/detail
[1.212s] -- Up-to-date: /home/pikachu/Documents/ros2/WorkSpace_p1/install/practice/include/practice/practice/msg/detail/system_status__traits.hpp
[1.212s] -- Up-to-date: /home/pikachu/Documents/ros2/WorkSpace_p1/install/practice/include/practice/practice/msg/detail/system_status__builder.hpp
[1.212s] -- Up-to-date: /home/pikachu/Documents/ros2/WorkSpace_p1/install/practice/include/practice/practice/msg/detail/system_status__struct.hpp
[1.212s] -- Up-to-date: /home/pikachu/Documents/ros2/WorkSpace_p1/install/practice/include/practice/practice
[1.212s] -- Up-to-date: /home/pikachu/Documents/ros2/WorkSpace_p1/install/practice/include/practice/practice/msg
[1.212s] -- Up-to-date: /home/pikachu/Documents/ros2/WorkSpace_p1/install/practice/include/practice/practice/msg/rosidl_typesupport_fastrtps_cpp__visibility_control.h
[1.213s] -- Up-to-date: /home/pikachu/Documents/ros2/WorkSpace_p1/install/practice/include/practice/practice/msg/detail
[1.213s] -- Up-to-date: /home/pikachu/Documents/ros2/WorkSpace_p1/install/practice/include/practice/practice/msg/detail/dds_fastrtps
[1.213s] -- Up-to-date: /home/pikachu/Documents/ros2/WorkSpace_p1/install/practice/include/practice/practice/msg/detail/system_status__rosidl_typesupport_fastrtps_cpp.hpp
[1.213s] -- Up-to-date: /home/pikachu/Documents/ros2/WorkSpace_p1/install/practice/lib/libpractice__rosidl_typesupport_fastrtps_cpp.so
[1.213s] -- Up-to-date: /home/pikachu/Documents/ros2/WorkSpace_p1/install/practice/include/practice/practice
[1.213s] -- Up-to-date: /home/pikachu/Documents/ros2/WorkSpace_p1/install/practice/include/practice/practice/msg
[1.213s] -- Up-to-date: /home/pikachu/Documents/ros2/WorkSpace_p1/install/practice/include/practice/practice/msg/rosidl_typesupport_introspection_c__visibility_control.h
[1.213s] -- Up-to-date: /home/pikachu/Documents/ros2/WorkSpace_p1/install/practice/include/practice/practice/msg/detail
[1.213s] -- Up-to-date: /home/pikachu/Documents/ros2/WorkSpace_p1/install/practice/include/practice/practice/msg/detail/system_status__type_support.c
[1.213s] -- Up-to-date: /home/pikachu/Documents/ros2/WorkSpace_p1/install/practice/include/practice/practice/msg/detail/system_status__rosidl_typesupport_introspection_c.h
[1.213s] -- Up-to-date: /home/pikachu/Documents/ros2/WorkSpace_p1/install/practice/lib/libpractice__rosidl_typesupport_introspection_c.so
[1.213s] -- Up-to-date: /home/pikachu/Documents/ros2/WorkSpace_p1/install/practice/lib/libpractice__rosidl_typesupport_c.so
[1.213s] -- Up-to-date: /home/pikachu/Documents/ros2/WorkSpace_p1/install/practice/include/practice/practice
[1.213s] -- Up-to-date: /home/pikachu/Documents/ros2/WorkSpace_p1/install/practice/include/practice/practice/msg
[1.213s] -- Up-to-date: /home/pikachu/Documents/ros2/WorkSpace_p1/install/practice/include/practice/practice/msg/detail
[1.213s] -- Up-to-date: /home/pikachu/Documents/ros2/WorkSpace_p1/install/practice/include/practice/practice/msg/detail/system_status__type_support.cpp
[1.213s] -- Up-to-date: /home/pikachu/Documents/ros2/WorkSpace_p1/install/practice/include/practice/practice/msg/detail/system_status__rosidl_typesupport_introspection_cpp.hpp
[1.214s] -- Up-to-date: /home/pikachu/Documents/ros2/WorkSpace_p1/install/practice/lib/libpractice__rosidl_typesupport_introspection_cpp.so
[1.214s] -- Up-to-date: /home/pikachu/Documents/ros2/WorkSpace_p1/install/practice/lib/libpractice__rosidl_typesupport_cpp.so
[1.214s] -- Up-to-date: /home/pikachu/Documents/ros2/WorkSpace_p1/install/practice/share/practice/environment/pythonpath.sh
[1.214s] -- Installing: /home/pikachu/Documents/ros2/WorkSpace_p1/install/practice/share/practice/environment/pythonpath.dsv
[1.214s] -- Up-to-date: /home/pikachu/Documents/ros2/WorkSpace_p1/install/practice/local/lib/python3.10/dist-packages/practice-0.0.0-py3.10.egg-info
[1.214s] -- Installing: /home/pikachu/Documents/ros2/WorkSpace_p1/install/practice/local/lib/python3.10/dist-packages/practice-0.0.0-py3.10.egg-info/top_level.txt
[1.214s] -- Installing: /home/pikachu/Documents/ros2/WorkSpace_p1/install/practice/local/lib/python3.10/dist-packages/practice-0.0.0-py3.10.egg-info/PKG-INFO
[1.214s] -- Installing: /home/pikachu/Documents/ros2/WorkSpace_p1/install/practice/local/lib/python3.10/dist-packages/practice-0.0.0-py3.10.egg-info/dependency_links.txt
[1.214s] -- Installing: /home/pikachu/Documents/ros2/WorkSpace_p1/install/practice/local/lib/python3.10/dist-packages/practice-0.0.0-py3.10.egg-info/SOURCES.txt
[1.214s] -- Up-to-date: /home/pikachu/Documents/ros2/WorkSpace_p1/install/practice/local/lib/python3.10/dist-packages/practice
[1.214s] -- Installing: /home/pikachu/Documents/ros2/WorkSpace_p1/install/practice/local/lib/python3.10/dist-packages/practice/__init__.py
[1.214s] -- Up-to-date: /home/pikachu/Documents/ros2/WorkSpace_p1/install/practice/local/lib/python3.10/dist-packages/practice/_practice_s.ep.rosidl_typesupport_fastrtps_c.c
[1.214s] -- Up-to-date: /home/pikachu/Documents/ros2/WorkSpace_p1/install/practice/local/lib/python3.10/dist-packages/practice/libpractice__rosidl_generator_py.so
[1.214s] -- Up-to-date: /home/pikachu/Documents/ros2/WorkSpace_p1/install/practice/local/lib/python3.10/dist-packages/practice/msg
[1.214s] -- Up-to-date: /home/pikachu/Documents/ros2/WorkSpace_p1/install/practice/local/lib/python3.10/dist-packages/practice/msg/__init__.py
[1.214s] -- Up-to-date: /home/pikachu/Documents/ros2/WorkSpace_p1/install/practice/local/lib/python3.10/dist-packages/practice/msg/_system_status.py
[1.214s] -- Up-to-date: /home/pikachu/Documents/ros2/WorkSpace_p1/install/practice/local/lib/python3.10/dist-packages/practice/msg/_system_status_s.c
[1.214s] -- Up-to-date: /home/pikachu/Documents/ros2/WorkSpace_p1/install/practice/local/lib/python3.10/dist-packages/practice/practice_s__rosidl_typesupport_fastrtps_c.cpython-310-x86_64-linux-gnu.so
[1.214s] -- Up-to-date: /home/pikachu/Documents/ros2/WorkSpace_p1/install/practice/local/lib/python3.10/dist-packages/practice/practice_s__rosidl_typesupport_introspection_c.cpython-310-x86_64-linux-gnu.so
[1.214s] -- Up-to-date: /home/pikachu/Documents/ros2/WorkSpace_p1/install/practice/local/lib/python3.10/dist-packages/practice/practice_s__rosidl_typesupport_c.cpython-310-x86_64-linux-gnu.so
[1.214s] -- Up-to-date: /home/pikachu/Documents/ros2/WorkSpace_p1/install/practice/local/lib/python3.10/dist-packages/practice/_practice_s.ep.rosidl_typesupport_c.c
[1.214s] -- Up-to-date: /home/pikachu/Documents/ros2/WorkSpace_p1/install/practice/local/lib/python3.10/dist-packages/practice/_practice_s.ep.rosidl_typesupport_introspection_c.c
[1.238s] Listing '/home/pikachu/Documents/ros2/WorkSpace_p1/install/practice/local/lib/python3.10/dist-packages/practice'...
[1.239s] Compiling '/home/pikachu/Documents/ros2/WorkSpace_p1/install/practice/local/lib/python3.10/dist-packages/practice/__init__.py'...
[1.239s] Listing '/home/pikachu/Documents/ros2/WorkSpace_p1/install/practice/local/lib/python3.10/dist-packages/practice/msg'...
[1.243s] -- Up-to-date: /home/pikachu/Documents/ros2/WorkSpace_p1/install/practice/local/lib/python3.10/dist-packages/practice/practice_s__rosidl_typesupport_fastrtps_c.cpython-310-x86_64-linux-gnu.so
[1.243s] -- Up-to-date: /home/pikachu/Documents/ros2/WorkSpace_p1/install/practice/local/lib/python3.10/dist-packages/practice/practice_s__rosidl_typesupport_introspection_c.cpython-310-x86_64-linux-gnu.so
[1.243s] -- Up-to-date: /home/pikachu/Documents/ros2/WorkSpace_p1/install/practice/local/lib/python3.10/dist-packages/practice/practice_s__rosidl_typesupport_c.cpython-310-x86_64-linux-gnu.so
[1.243s] -- Up-to-date: /home/pikachu/Documents/ros2/WorkSpace_p1/install/practice/lib/libpractice__rosidl_generator_py.so
[1.243s] -- Up-to-date: /home/pikachu/Documents/ros2/WorkSpace_p1/install/practice/share/practice/msg/SystemStatus.idl
[1.244s] -- Up-to-date: /home/pikachu/Documents/ros2/WorkSpace_p1/install/practice/share/practice/msg/SystemStatus.msg
[1.244s] -- Up-to-date: /home/pikachu/Documents/ros2/WorkSpace_p1/install/practice/share/ament_index/resource_index/package_run_dependencies/practice
[1.244s] -- Up-to-date: /home/pikachu/Documents/ros2/WorkSpace_p1/install/practice/share/ament_index/resource_index/parent_prefix_path/practice
[1.244s] -- Up-to-date: /home/pikachu/Documents/ros2/WorkSpace_p1/install/practice/share/practice/environment/ament_prefix_path.sh
[1.244s] -- Installing: /home/pikachu/Documents/ros2/WorkSpace_p1/install/practice/share/practice/environment/ament_prefix_path.dsv
[1.244s] -- Up-to-date: /home/pikachu/Documents/ros2/WorkSpace_p1/install/practice/share/practice/environment/path.sh
[1.244s] -- Installing: /home/pikachu/Documents/ros2/WorkSpace_p1/install/practice/share/practice/environment/path.dsv
[1.244s] -- Up-to-date: /home/pikachu/Documents/ros2/WorkSpace_p1/install/practice/share/practice/local_setup.bash
[1.244s] -- Up-to-date: /home/pikachu/Documents/ros2/WorkSpace_p1/install/practice/share/practice/local_setup.sh
[1.244s] -- Up-to-date: /home/pikachu/Documents/ros2/WorkSpace_p1/install/practice/share/practice/local_setup.zsh
[1.244s] -- Installing: /home/pikachu/Documents/ros2/WorkSpace_p1/install/practice/share/practice/local_setup.dsv
[1.244s] -- Installing: /home/pikachu/Documents/ros2/WorkSpace_p1/install/practice/share/practice/package.dsv
[1.244s] -- Up-to-date: /home/pikachu/Documents/ros2/WorkSpace_p1/install/practice/share/ament_index/resource_index/packages/practice
[1.244s] -- Up-to-date: /home/pikachu/Documents/ros2/WorkSpace_p1/install/practice/share/practice/cmake/export_practice__rosidl_generator_cExport.cmake
[1.244s] -- Up-to-date: /home/pikachu/Documents/ros2/WorkSpace_p1/install/practice/share/practice/cmake/export_practice__rosidl_generator_cExport-noconfig.cmake
[1.245s] -- Up-to-date: /home/pikachu/Documents/ros2/WorkSpace_p1/install/practice/share/practice/cmake/export_practice__rosidl_typesupport_fastrtps_cExport.cmake
[1.245s] -- Up-to-date: /home/pikachu/Documents/ros2/WorkSpace_p1/install/practice/share/practice/cmake/export_practice__rosidl_typesupport_fastrtps_cExport-noconfig.cmake
[1.245s] -- Up-to-date: /home/pikachu/Documents/ros2/WorkSpace_p1/install/practice/share/practice/cmake/export_practice__rosidl_generator_cppExport.cmake
[1.245s] -- Up-to-date: /home/pikachu/Documents/ros2/WorkSpace_p1/install/practice/share/practice/cmake/export_practice__rosidl_typesupport_fastrtps_cppExport.cmake
[1.245s] -- Up-to-date: /home/pikachu/Documents/ros2/WorkSpace_p1/install/practice/share/practice/cmake/export_practice__rosidl_typesupport_fastrtps_cppExport-noconfig.cmake
[1.245s] -- Up-to-date: /home/pikachu/Documents/ros2/WorkSpace_p1/install/practice/share/practice/cmake/practice__rosidl_typesupport_introspection_cExport.cmake
[1.245s] -- Up-to-date: /home/pikachu/Documents/ros2/WorkSpace_p1/install/practice/share/practice/cmake/practice__rosidl_typesupport_introspection_cExport-noconfig.cmake
[1.245s] -- Up-to-date: /home/pikachu/Documents/ros2/WorkSpace_p1/install/practice/share/practice/cmake/practice__rosidl_typesupport_cExport.cmake
[1.245s] -- Up-to-date: /home/pikachu/Documents/ros2/WorkSpace_p1/install/practice/share/practice/cmake/practice__rosidl_typesupport_cExport-noconfig.cmake
[1.245s] -- Up-to-date: /home/pikachu/Documents/ros2/WorkSpace_p1/install/practice/share/practice/cmake/practice__rosidl_typesupport_introspection_cppExport.cmake
[1.245s] -- Up-to-date: /home/pikachu/Documents/ros2/WorkSpace_p1/install/practice/share/practice/cmake/practice__rosidl_typesupport_introspection_cppExport-noconfig.cmake
[1.245s] -- Up-to-date: /home/pikachu/Documents/ros2/WorkSpace_p1/install/practice/share/practice/cmake/practice__rosidl_typesupport_cppExport.cmake
[1.245s] -- Up-to-date: /home/pikachu/Documents/ros2/WorkSpace_p1/install/practice/share/practice/cmake/practice__rosidl_typesupport_cppExport-noconfig.cmake
[1.245s] -- Up-to-date: /home/pikachu/Documents/ros2/WorkSpace_p1/install/practice/share/practice/cmake/export_practice__rosidl_generator_pyExport.cmake
[1.245s] -- Up-to-date: /home/pikachu/Documents/ros2/WorkSpace_p1/install/practice/share/practice/cmake/export_practice__rosidl_generator_pyExport-noconfig.cmake
[1.245s] -- Up-to-date: /home/pikachu/Documents/ros2/WorkSpace_p1/install/practice/share/practice/cmake/rosidl_cmake-extras.cmake
[1.245s] -- Up-to-date: /home/pikachu/Documents/ros2/WorkSpace_p1/install/practice/share/practice/cmake/ament_cmake_export_dependencies-extras.cmake
[1.245s] -- Up-to-date: /home/pikachu/Documents/ros2/WorkSpace_p1/install/practice/share/practice/cmake/ament_cmake_export_include_directories-extras.cmake
[1.245s] -- Up-to-date: /home/pikachu/Documents/ros2/WorkSpace_p1/install/practice/share/practice/cmake/ament_cmake_export_libraries-extras.cmake
[1.245s] -- Up-to-date: /home/pikachu/Documents/ros2/WorkSpace_p1/install/practice/share/practice/cmake/ament_cmake_export_targets-extras.cmake
[1.245s] -- Up-to-date: /home/pikachu/Documents/ros2/WorkSpace_p1/install/practice/share/practice/cmake/rosidl_cmake_export_typesupport_targets-extras.cmake
[1.245s] -- Up-to-date: /home/pikachu/Documents/ros2/WorkSpace_p1/install/practice/share/practice/cmake/rosidl_cmake_export_typesupport_libraries-extras.cmake
[1.245s] -- Up-to-date: /home/pikachu/Documents/ros2/WorkSpace_p1/install/practice/share/practice/cmake/practiceConfig.cmake
[1.245s] -- Up-to-date: /home/pikachu/Documents/ros2/WorkSpace_p1/install/practice/share/practice/cmake/practiceConfig-version.cmake
[1.245s] -- Up-to-date: /home/pikachu/Documents/ros2/WorkSpace_p1/install/practice/share/practice/package.xml
[1.247s] Invoked command in '/home/pikachu/Documents/ros2/WorkSpace_p1/build/practice' returned '0': CMAKE_PREFIX_PATH=/opt/ros/humble /usr/bin/cmake --install /home/pikachu/Documents/ros2/WorkSpace_p1/build/practice
