[0.008s] Invoking command in '/home/pikachu/Documents/ros2/WorkSpace_p1/build/practice': CMAKE_PREFIX_PATH=/opt/ros/humble /usr/bin/cmake --build /home/pikachu/Documents/ros2/WorkSpace_p1/build/practice -- -j16 -l16
[0.046s] [ 12%] Built target practice__cpp
[0.046s] [ 12%] Built target practice__rosidl_generator_c
[0.054s] [ 12%] Built target ament_cmake_python_copy_practice
[0.064s] [ 22%] Built target practice__rosidl_typesupport_c
[0.065s] [ 32%] Built target practice__rosidl_typesupport_introspection_cpp
[0.065s] [ 48%] Built target practice__rosidl_typesupport_fastrtps_cpp
[0.065s] [ 51%] Built target practice__rosidl_typesupport_fastrtps_c
[0.065s] [ 61%] Built target practice__rosidl_typesupport_cpp
[0.066s] [ 70%] Built target practice__rosidl_typesupport_introspection_c
[0.081s] [ 70%] Built target practice
[0.096s] [ 74%] Built target practice__py
[0.111s] [ 80%] Built target practice__rosidl_generator_py
[0.127s] [ 96%] Built target practice__rosidl_typesupport_c__pyext
[0.128s] [100%] Built target practice__rosidl_typesupport_fastrtps_c__pyext
[0.128s] [100%] Built target practice__rosidl_typesupport_introspection_c__pyext
[0.204s] running egg_info
[0.205s] writing practice.egg-info/PKG-INFO
[0.205s] writing dependency_links to practice.egg-info/dependency_links.txt
[0.206s] writing top-level names to practice.egg-info/top_level.txt
[0.208s] reading manifest file 'practice.egg-info/SOURCES.txt'
[0.208s] writing manifest file 'practice.egg-info/SOURCES.txt'
[0.238s] [100%] Built target ament_cmake_python_build_practice_egg
[0.247s] Invoked command in '/home/pikachu/Documents/ros2/WorkSpace_p1/build/practice' returned '0': CMAKE_PREFIX_PATH=/opt/ros/humble /usr/bin/cmake --build /home/pikachu/Documents/ros2/WorkSpace_p1/build/practice -- -j16 -l16
[0.306s] Invoking command in '/home/pikachu/Documents/ros2/WorkSpace_p1/build/practice': CMAKE_PREFIX_PATH=/opt/ros/humble /usr/bin/cmake --install /home/pikachu/Documents/ros2/WorkSpace_p1/build/practice
[0.311s] -- Install configuration: ""
[0.312s] -- Up-to-date: /home/pikachu/Documents/ros2/WorkSpace_p1/install/practice/share/ament_index/resource_index/rosidl_interfaces/practice
[0.312s] -- Up-to-date: /home/pikachu/Documents/ros2/WorkSpace_p1/install/practice/include/practice/practice
[0.312s] -- Up-to-date: /home/pikachu/Documents/ros2/WorkSpace_p1/install/practice/include/practice/practice/msg
[0.312s] -- Up-to-date: /home/pikachu/Documents/ros2/WorkSpace_p1/install/practice/include/practice/practice/msg/rosidl_generator_c__visibility_control.h
[0.313s] -- Up-to-date: /home/pikachu/Documents/ros2/WorkSpace_p1/install/practice/include/practice/practice/msg/system_status.h
[0.313s] -- Up-to-date: /home/pikachu/Documents/ros2/WorkSpace_p1/install/practice/include/practice/practice/msg/detail
[0.313s] -- Up-to-date: /home/pikachu/Documents/ros2/WorkSpace_p1/install/practice/include/practice/practice/msg/detail/system_status__functions.h
[0.313s] -- Up-to-date: /home/pikachu/Documents/ros2/WorkSpace_p1/install/practice/include/practice/practice/msg/detail/system_status__functions.c
[0.313s] -- Up-to-date: /home/pikachu/Documents/ros2/WorkSpace_p1/install/practice/include/practice/practice/msg/detail/system_status__struct.h
[0.313s] -- Up-to-date: /home/pikachu/Documents/ros2/WorkSpace_p1/install/practice/include/practice/practice/msg/detail/system_status__type_support.h
[0.313s] -- Up-to-date: /home/pikachu/Documents/ros2/WorkSpace_p1/install/practice/share/practice/environment/library_path.sh
[0.314s] -- Up-to-date: /home/pikachu/Documents/ros2/WorkSpace_p1/install/practice/share/practice/environment/library_path.dsv
[0.314s] -- Up-to-date: /home/pikachu/Documents/ros2/WorkSpace_p1/install/practice/lib/libpractice__rosidl_generator_c.so
[0.314s] -- Up-to-date: /home/pikachu/Documents/ros2/WorkSpace_p1/install/practice/include/practice/practice
[0.314s] -- Up-to-date: /home/pikachu/Documents/ros2/WorkSpace_p1/install/practice/include/practice/practice/msg
[0.314s] -- Up-to-date: /home/pikachu/Documents/ros2/WorkSpace_p1/install/practice/include/practice/practice/msg/rosidl_typesupport_fastrtps_c__visibility_control.h
[0.314s] -- Up-to-date: /home/pikachu/Documents/ros2/WorkSpace_p1/install/practice/include/practice/practice/msg/detail
[0.314s] -- Up-to-date: /home/pikachu/Documents/ros2/WorkSpace_p1/install/practice/include/practice/practice/msg/detail/system_status__rosidl_typesupport_fastrtps_c.h
[0.314s] -- Up-to-date: /home/pikachu/Documents/ros2/WorkSpace_p1/install/practice/lib/libpractice__rosidl_typesupport_fastrtps_c.so
[0.314s] -- Up-to-date: /home/pikachu/Documents/ros2/WorkSpace_p1/install/practice/include/practice/practice
[0.314s] -- Up-to-date: /home/pikachu/Documents/ros2/WorkSpace_p1/install/practice/include/practice/practice/msg
[0.314s] -- Up-to-date: /home/pikachu/Documents/ros2/WorkSpace_p1/install/practice/include/practice/practice/msg/system_status.hpp
[0.314s] -- Up-to-date: /home/pikachu/Documents/ros2/WorkSpace_p1/install/practice/include/practice/practice/msg/detail
[0.314s] -- Up-to-date: /home/pikachu/Documents/ros2/WorkSpace_p1/install/practice/include/practice/practice/msg/detail/system_status__traits.hpp
[0.314s] -- Up-to-date: /home/pikachu/Documents/ros2/WorkSpace_p1/install/practice/include/practice/practice/msg/detail/system_status__builder.hpp
[0.314s] -- Up-to-date: /home/pikachu/Documents/ros2/WorkSpace_p1/install/practice/include/practice/practice/msg/detail/system_status__struct.hpp
[0.314s] -- Up-to-date: /home/pikachu/Documents/ros2/WorkSpace_p1/install/practice/include/practice/practice
[0.314s] -- Up-to-date: /home/pikachu/Documents/ros2/WorkSpace_p1/install/practice/include/practice/practice/msg
[0.314s] -- Up-to-date: /home/pikachu/Documents/ros2/WorkSpace_p1/install/practice/include/practice/practice/msg/rosidl_typesupport_fastrtps_cpp__visibility_control.h
[0.314s] -- Up-to-date: /home/pikachu/Documents/ros2/WorkSpace_p1/install/practice/include/practice/practice/msg/detail
[0.314s] -- Up-to-date: /home/pikachu/Documents/ros2/WorkSpace_p1/install/practice/include/practice/practice/msg/detail/dds_fastrtps
[0.314s] -- Up-to-date: /home/pikachu/Documents/ros2/WorkSpace_p1/install/practice/include/practice/practice/msg/detail/system_status__rosidl_typesupport_fastrtps_cpp.hpp
[0.314s] -- Up-to-date: /home/pikachu/Documents/ros2/WorkSpace_p1/install/practice/lib/libpractice__rosidl_typesupport_fastrtps_cpp.so
[0.314s] -- Up-to-date: /home/pikachu/Documents/ros2/WorkSpace_p1/install/practice/include/practice/practice
[0.314s] -- Up-to-date: /home/pikachu/Documents/ros2/WorkSpace_p1/install/practice/include/practice/practice/msg
[0.314s] -- Up-to-date: /home/pikachu/Documents/ros2/WorkSpace_p1/install/practice/include/practice/practice/msg/rosidl_typesupport_introspection_c__visibility_control.h
[0.314s] -- Up-to-date: /home/pikachu/Documents/ros2/WorkSpace_p1/install/practice/include/practice/practice/msg/detail
[0.314s] -- Up-to-date: /home/pikachu/Documents/ros2/WorkSpace_p1/install/practice/include/practice/practice/msg/detail/system_status__type_support.c
[0.314s] -- Up-to-date: /home/pikachu/Documents/ros2/WorkSpace_p1/install/practice/include/practice/practice/msg/detail/system_status__rosidl_typesupport_introspection_c.h
[0.314s] -- Up-to-date: /home/pikachu/Documents/ros2/WorkSpace_p1/install/practice/lib/libpractice__rosidl_typesupport_introspection_c.so
[0.314s] -- Up-to-date: /home/pikachu/Documents/ros2/WorkSpace_p1/install/practice/lib/libpractice__rosidl_typesupport_c.so
[0.314s] -- Up-to-date: /home/pikachu/Documents/ros2/WorkSpace_p1/install/practice/include/practice/practice
[0.314s] -- Up-to-date: /home/pikachu/Documents/ros2/WorkSpace_p1/install/practice/include/practice/practice/msg
[0.314s] -- Up-to-date: /home/pikachu/Documents/ros2/WorkSpace_p1/install/practice/include/practice/practice/msg/detail
[0.314s] -- Up-to-date: /home/pikachu/Documents/ros2/WorkSpace_p1/install/practice/include/practice/practice/msg/detail/system_status__type_support.cpp
[0.314s] -- Up-to-date: /home/pikachu/Documents/ros2/WorkSpace_p1/install/practice/include/practice/practice/msg/detail/system_status__rosidl_typesupport_introspection_cpp.hpp
[0.314s] -- Up-to-date: /home/pikachu/Documents/ros2/WorkSpace_p1/install/practice/lib/libpractice__rosidl_typesupport_introspection_cpp.so
[0.315s] -- Up-to-date: /home/pikachu/Documents/ros2/WorkSpace_p1/install/practice/lib/libpractice__rosidl_typesupport_cpp.so
[0.315s] -- Up-to-date: /home/pikachu/Documents/ros2/WorkSpace_p1/install/practice/share/practice/environment/pythonpath.sh
[0.315s] -- Up-to-date: /home/pikachu/Documents/ros2/WorkSpace_p1/install/practice/share/practice/environment/pythonpath.dsv
[0.315s] -- Up-to-date: /home/pikachu/Documents/ros2/WorkSpace_p1/install/practice/local/lib/python3.10/dist-packages/practice-0.0.0-py3.10.egg-info
[0.315s] -- Installing: /home/pikachu/Documents/ros2/WorkSpace_p1/install/practice/local/lib/python3.10/dist-packages/practice-0.0.0-py3.10.egg-info/top_level.txt
[0.315s] -- Installing: /home/pikachu/Documents/ros2/WorkSpace_p1/install/practice/local/lib/python3.10/dist-packages/practice-0.0.0-py3.10.egg-info/PKG-INFO
[0.315s] -- Installing: /home/pikachu/Documents/ros2/WorkSpace_p1/install/practice/local/lib/python3.10/dist-packages/practice-0.0.0-py3.10.egg-info/dependency_links.txt
[0.315s] -- Installing: /home/pikachu/Documents/ros2/WorkSpace_p1/install/practice/local/lib/python3.10/dist-packages/practice-0.0.0-py3.10.egg-info/SOURCES.txt
[0.315s] -- Up-to-date: /home/pikachu/Documents/ros2/WorkSpace_p1/install/practice/local/lib/python3.10/dist-packages/practice
[0.315s] -- Up-to-date: /home/pikachu/Documents/ros2/WorkSpace_p1/install/practice/local/lib/python3.10/dist-packages/practice/__init__.py
[0.315s] -- Up-to-date: /home/pikachu/Documents/ros2/WorkSpace_p1/install/practice/local/lib/python3.10/dist-packages/practice/_practice_s.ep.rosidl_typesupport_fastrtps_c.c
[0.315s] -- Up-to-date: /home/pikachu/Documents/ros2/WorkSpace_p1/install/practice/local/lib/python3.10/dist-packages/practice/libpractice__rosidl_generator_py.so
[0.315s] -- Up-to-date: /home/pikachu/Documents/ros2/WorkSpace_p1/install/practice/local/lib/python3.10/dist-packages/practice/msg
[0.315s] -- Up-to-date: /home/pikachu/Documents/ros2/WorkSpace_p1/install/practice/local/lib/python3.10/dist-packages/practice/msg/__init__.py
[0.315s] -- Up-to-date: /home/pikachu/Documents/ros2/WorkSpace_p1/install/practice/local/lib/python3.10/dist-packages/practice/msg/_system_status.py
[0.315s] -- Up-to-date: /home/pikachu/Documents/ros2/WorkSpace_p1/install/practice/local/lib/python3.10/dist-packages/practice/msg/_system_status_s.c
[0.315s] -- Up-to-date: /home/pikachu/Documents/ros2/WorkSpace_p1/install/practice/local/lib/python3.10/dist-packages/practice/practice_s__rosidl_typesupport_fastrtps_c.cpython-310-x86_64-linux-gnu.so
[0.315s] -- Up-to-date: /home/pikachu/Documents/ros2/WorkSpace_p1/install/practice/local/lib/python3.10/dist-packages/practice/practice_s__rosidl_typesupport_introspection_c.cpython-310-x86_64-linux-gnu.so
[0.315s] -- Up-to-date: /home/pikachu/Documents/ros2/WorkSpace_p1/install/practice/local/lib/python3.10/dist-packages/practice/practice_s__rosidl_typesupport_c.cpython-310-x86_64-linux-gnu.so
[0.315s] -- Up-to-date: /home/pikachu/Documents/ros2/WorkSpace_p1/install/practice/local/lib/python3.10/dist-packages/practice/_practice_s.ep.rosidl_typesupport_c.c
[0.315s] -- Up-to-date: /home/pikachu/Documents/ros2/WorkSpace_p1/install/practice/local/lib/python3.10/dist-packages/practice/_practice_s.ep.rosidl_typesupport_introspection_c.c
[0.333s] Listing '/home/pikachu/Documents/ros2/WorkSpace_p1/install/practice/local/lib/python3.10/dist-packages/practice'...
[0.333s] Listing '/home/pikachu/Documents/ros2/WorkSpace_p1/install/practice/local/lib/python3.10/dist-packages/practice/msg'...
[0.336s] -- Up-to-date: /home/pikachu/Documents/ros2/WorkSpace_p1/install/practice/local/lib/python3.10/dist-packages/practice/practice_s__rosidl_typesupport_fastrtps_c.cpython-310-x86_64-linux-gnu.so
[0.336s] -- Up-to-date: /home/pikachu/Documents/ros2/WorkSpace_p1/install/practice/local/lib/python3.10/dist-packages/practice/practice_s__rosidl_typesupport_introspection_c.cpython-310-x86_64-linux-gnu.so
[0.336s] -- Up-to-date: /home/pikachu/Documents/ros2/WorkSpace_p1/install/practice/local/lib/python3.10/dist-packages/practice/practice_s__rosidl_typesupport_c.cpython-310-x86_64-linux-gnu.so
[0.336s] -- Up-to-date: /home/pikachu/Documents/ros2/WorkSpace_p1/install/practice/lib/libpractice__rosidl_generator_py.so
[0.337s] -- Up-to-date: /home/pikachu/Documents/ros2/WorkSpace_p1/install/practice/share/practice/msg/SystemStatus.idl
[0.337s] -- Up-to-date: /home/pikachu/Documents/ros2/WorkSpace_p1/install/practice/share/practice/msg/SystemStatus.msg
[0.337s] -- Up-to-date: /home/pikachu/Documents/ros2/WorkSpace_p1/install/practice/share/ament_index/resource_index/package_run_dependencies/practice
[0.337s] -- Up-to-date: /home/pikachu/Documents/ros2/WorkSpace_p1/install/practice/share/ament_index/resource_index/parent_prefix_path/practice
[0.337s] -- Up-to-date: /home/pikachu/Documents/ros2/WorkSpace_p1/install/practice/share/practice/environment/ament_prefix_path.sh
[0.337s] -- Up-to-date: /home/pikachu/Documents/ros2/WorkSpace_p1/install/practice/share/practice/environment/ament_prefix_path.dsv
[0.337s] -- Up-to-date: /home/pikachu/Documents/ros2/WorkSpace_p1/install/practice/share/practice/environment/path.sh
[0.338s] -- Up-to-date: /home/pikachu/Documents/ros2/WorkSpace_p1/install/practice/share/practice/environment/path.dsv
[0.338s] -- Up-to-date: /home/pikachu/Documents/ros2/WorkSpace_p1/install/practice/share/practice/local_setup.bash
[0.338s] -- Up-to-date: /home/pikachu/Documents/ros2/WorkSpace_p1/install/practice/share/practice/local_setup.sh
[0.338s] -- Up-to-date: /home/pikachu/Documents/ros2/WorkSpace_p1/install/practice/share/practice/local_setup.zsh
[0.338s] -- Up-to-date: /home/pikachu/Documents/ros2/WorkSpace_p1/install/practice/share/practice/local_setup.dsv
[0.338s] -- Up-to-date: /home/pikachu/Documents/ros2/WorkSpace_p1/install/practice/share/practice/package.dsv
[0.339s] -- Up-to-date: /home/pikachu/Documents/ros2/WorkSpace_p1/install/practice/share/ament_index/resource_index/packages/practice
[0.339s] -- Up-to-date: /home/pikachu/Documents/ros2/WorkSpace_p1/install/practice/share/practice/cmake/export_practice__rosidl_generator_cExport.cmake
[0.339s] -- Up-to-date: /home/pikachu/Documents/ros2/WorkSpace_p1/install/practice/share/practice/cmake/export_practice__rosidl_generator_cExport-noconfig.cmake
[0.339s] -- Up-to-date: /home/pikachu/Documents/ros2/WorkSpace_p1/install/practice/share/practice/cmake/export_practice__rosidl_typesupport_fastrtps_cExport.cmake
[0.339s] -- Up-to-date: /home/pikachu/Documents/ros2/WorkSpace_p1/install/practice/share/practice/cmake/export_practice__rosidl_typesupport_fastrtps_cExport-noconfig.cmake
[0.339s] -- Up-to-date: /home/pikachu/Documents/ros2/WorkSpace_p1/install/practice/share/practice/cmake/export_practice__rosidl_generator_cppExport.cmake
[0.339s] -- Up-to-date: /home/pikachu/Documents/ros2/WorkSpace_p1/install/practice/share/practice/cmake/export_practice__rosidl_typesupport_fastrtps_cppExport.cmake
[0.339s] -- Up-to-date: /home/pikachu/Documents/ros2/WorkSpace_p1/install/practice/share/practice/cmake/export_practice__rosidl_typesupport_fastrtps_cppExport-noconfig.cmake
[0.339s] -- Up-to-date: /home/pikachu/Documents/ros2/WorkSpace_p1/install/practice/share/practice/cmake/practice__rosidl_typesupport_introspection_cExport.cmake
[0.339s] -- Up-to-date: /home/pikachu/Documents/ros2/WorkSpace_p1/install/practice/share/practice/cmake/practice__rosidl_typesupport_introspection_cExport-noconfig.cmake
[0.340s] -- Up-to-date: /home/pikachu/Documents/ros2/WorkSpace_p1/install/practice/share/practice/cmake/practice__rosidl_typesupport_cExport.cmake
[0.340s] -- Up-to-date: /home/pikachu/Documents/ros2/WorkSpace_p1/install/practice/share/practice/cmake/practice__rosidl_typesupport_cExport-noconfig.cmake
[0.340s] -- Up-to-date: /home/pikachu/Documents/ros2/WorkSpace_p1/install/practice/share/practice/cmake/practice__rosidl_typesupport_introspection_cppExport.cmake
[0.340s] -- Up-to-date: /home/pikachu/Documents/ros2/WorkSpace_p1/install/practice/share/practice/cmake/practice__rosidl_typesupport_introspection_cppExport-noconfig.cmake
[0.340s] -- Up-to-date: /home/pikachu/Documents/ros2/WorkSpace_p1/install/practice/share/practice/cmake/practice__rosidl_typesupport_cppExport.cmake
[0.340s] -- Up-to-date: /home/pikachu/Documents/ros2/WorkSpace_p1/install/practice/share/practice/cmake/practice__rosidl_typesupport_cppExport-noconfig.cmake
[0.340s] -- Up-to-date: /home/pikachu/Documents/ros2/WorkSpace_p1/install/practice/share/practice/cmake/export_practice__rosidl_generator_pyExport.cmake
[0.340s] -- Up-to-date: /home/pikachu/Documents/ros2/WorkSpace_p1/install/practice/share/practice/cmake/export_practice__rosidl_generator_pyExport-noconfig.cmake
[0.340s] -- Up-to-date: /home/pikachu/Documents/ros2/WorkSpace_p1/install/practice/share/practice/cmake/rosidl_cmake-extras.cmake
[0.340s] -- Up-to-date: /home/pikachu/Documents/ros2/WorkSpace_p1/install/practice/share/practice/cmake/ament_cmake_export_dependencies-extras.cmake
[0.340s] -- Up-to-date: /home/pikachu/Documents/ros2/WorkSpace_p1/install/practice/share/practice/cmake/ament_cmake_export_include_directories-extras.cmake
[0.340s] -- Up-to-date: /home/pikachu/Documents/ros2/WorkSpace_p1/install/practice/share/practice/cmake/ament_cmake_export_libraries-extras.cmake
[0.340s] -- Up-to-date: /home/pikachu/Documents/ros2/WorkSpace_p1/install/practice/share/practice/cmake/ament_cmake_export_targets-extras.cmake
[0.340s] -- Up-to-date: /home/pikachu/Documents/ros2/WorkSpace_p1/install/practice/share/practice/cmake/rosidl_cmake_export_typesupport_targets-extras.cmake
[0.340s] -- Up-to-date: /home/pikachu/Documents/ros2/WorkSpace_p1/install/practice/share/practice/cmake/rosidl_cmake_export_typesupport_libraries-extras.cmake
[0.340s] -- Up-to-date: /home/pikachu/Documents/ros2/WorkSpace_p1/install/practice/share/practice/cmake/practiceConfig.cmake
[0.340s] -- Up-to-date: /home/pikachu/Documents/ros2/WorkSpace_p1/install/practice/share/practice/cmake/practiceConfig-version.cmake
[0.340s] -- Up-to-date: /home/pikachu/Documents/ros2/WorkSpace_p1/install/practice/share/practice/package.xml
[0.342s] Invoked command in '/home/pikachu/Documents/ros2/WorkSpace_p1/build/practice' returned '0': CMAKE_PREFIX_PATH=/opt/ros/humble /usr/bin/cmake --install /home/pikachu/Documents/ros2/WorkSpace_p1/build/practice
