[0.009s] Invoking command in '/home/pikachu/Documents/ros2/WorkSpace_p1/build/practice': CMAKE_PREFIX_PATH=/opt/ros/humble /usr/bin/cmake /home/pikachu/Documents/ros2/WorkSpace_p1/src/practice -DCMAKE_INSTALL_PREFIX=/home/pikachu/Documents/ros2/WorkSpace_p1/install/practice
[0.017s] -- Found ament_cmake: 1.3.10 (/opt/ros/humble/share/ament_cmake/cmake)
[0.100s] -- Found builtin_interfaces: 1.2.1 (/opt/ros/humble/share/builtin_interfaces/cmake)
[0.117s] -- Found rosidl_generator_c: 3.1.5 (/opt/ros/humble/share/rosidl_generator_c/cmake)
[0.119s] -- Found rosidl_adapter: 3.1.5 (/opt/ros/humble/share/rosidl_adapter/cmake)
[0.122s] -- Found rosidl_generator_cpp: 3.1.5 (/opt/ros/humble/share/rosidl_generator_cpp/cmake)
[0.129s] -- Using all available rosidl_typesupport_c: rosidl_typesupport_fastrtps_c;rosidl_typesupport_introspection_c
[0.136s] -- Using all available rosidl_typesupport_cpp: rosidl_typesupport_fastrtps_cpp;rosidl_typesupport_introspection_cpp
[0.143s] -- Found rosidl_default_generators: 1.2.0 (/opt/ros/humble/share/rosidl_default_generators/cmake)
[0.147s] -- Found rclcpp: 16.0.10 (/opt/ros/humble/share/rclcpp/cmake)
[0.162s] -- Found rmw_implementation_cmake: 6.1.2 (/opt/ros/humble/share/rmw_implementation_cmake/cmake)
[0.163s] -- Found rmw_fastrtps_cpp: 6.2.7 (/opt/ros/humble/share/rmw_fastrtps_cpp/cmake)
[0.228s] -- Using RMW implementation 'rmw_fastrtps_cpp' as default
[0.424s] -- Found ament_cmake_ros: 0.10.0 (/opt/ros/humble/share/ament_cmake_ros/cmake)
[0.633s] -- Using all available rosidl_typesupport_c: rosidl_typesupport_fastrtps_c;rosidl_typesupport_introspection_c
[0.716s] -- Using all available rosidl_typesupport_cpp: rosidl_typesupport_fastrtps_cpp;rosidl_typesupport_introspection_cpp
[0.731s] -- Found PythonInterp: /usr/bin/python3 (found suitable version "3.10.12", minimum required is "3.6") 
[0.732s] -- Found python_cmake_module: 0.10.0 (/opt/ros/humble/share/python_cmake_module/cmake)
[0.771s] -- Found PythonLibs: /usr/lib/x86_64-linux-gnu/libpython3.10.so (found suitable version "3.10.12", minimum required is "3.5") 
[0.771s] -- Using PYTHON_EXECUTABLE: /usr/bin/python3
[0.771s] -- Using PYTHON_INCLUDE_DIRS: /usr/include/python3.10
[0.772s] -- Using PYTHON_LIBRARIES: /usr/lib/x86_64-linux-gnu/libpython3.10.so
[0.786s] -- Found PythonExtra: .so  
[0.811s] -- Found ament_lint_auto: 0.12.11 (/opt/ros/humble/share/ament_lint_auto/cmake)
[0.823s] -- Added test 'lint_cmake' to check CMake code style
[0.823s] -- Added test 'xmllint' to check XML markup files
[0.825s] -- Configuring done
[0.849s] -- Generating done
[0.851s] -- Build files have been written to: /home/pikachu/Documents/ros2/WorkSpace_p1/build/practice
[0.859s] Invoked command in '/home/pikachu/Documents/ros2/WorkSpace_p1/build/practice' returned '0': CMAKE_PREFIX_PATH=/opt/ros/humble /usr/bin/cmake /home/pikachu/Documents/ros2/WorkSpace_p1/src/practice -DCMAKE_INSTALL_PREFIX=/home/pikachu/Documents/ros2/WorkSpace_p1/install/practice
[0.861s] Invoking command in '/home/pikachu/Documents/ros2/WorkSpace_p1/build/practice': CMAKE_PREFIX_PATH=/opt/ros/humble /usr/bin/cmake --build /home/pikachu/Documents/ros2/WorkSpace_p1/build/practice -- -j16 -l16
[0.895s] [  3%] [34m[1mGenerating C code for ROS interfaces[0m
[0.902s] [  6%] [34m[1mGenerating C++ code for ROS interfaces[0m
[0.908s] [  6%] Built target ament_cmake_python_copy_practice
[1.086s] [  6%] Built target practice__cpp
[1.088s] running egg_info
[1.088s] creating practice.egg-info
[1.089s] writing practice.egg-info/PKG-INFO
[1.089s] writing dependency_links to practice.egg-info/dependency_links.txt
[1.089s] writing top-level names to practice.egg-info/top_level.txt
[1.090s] writing manifest file 'practice.egg-info/SOURCES.txt'
[1.095s] reading manifest file 'practice.egg-info/SOURCES.txt'
[1.095s] writing manifest file 'practice.egg-info/SOURCES.txt'
[1.096s] [  9%] [34m[1mGenerating C++ type support for eProsima Fast-RTPS[0m
[1.096s] [ 12%] [34m[1mGenerating C++ introspection for ROS interfaces[0m
[1.098s] [ 16%] [34m[1mGenerating C++ type support dispatch for ROS interfaces[0m
[1.116s] [ 19%] [32mBuilding C object CMakeFiles/practice__rosidl_generator_c.dir/rosidl_generator_c/practice/msg/detail/system_status__functions.c.o[0m
[1.121s] [ 19%] Built target ament_cmake_python_build_practice_egg
[1.159s] [ 22%] [32m[1mLinking C shared library libpractice__rosidl_generator_c.so[0m
[1.191s] [ 22%] Built target practice__rosidl_generator_c
[1.200s] [ 29%] [34m[1mGenerating C type support dispatch for ROS interfaces[0m
[1.200s] [ 29%] [34m[1mGenerating C type support for eProsima Fast-RTPS[0m
[1.200s] [ 32%] [34m[1mGenerating C introspection for ROS interfaces[0m
[1.272s] [ 35%] [32mBuilding CXX object CMakeFiles/practice__rosidl_typesupport_cpp.dir/rosidl_typesupport_cpp/practice/msg/system_status__type_support.cpp.o[0m
[1.292s] [ 38%] [32mBuilding CXX object CMakeFiles/practice__rosidl_typesupport_fastrtps_cpp.dir/rosidl_typesupport_fastrtps_cpp/practice/msg/detail/dds_fastrtps/system_status__type_support.cpp.o[0m
[1.308s] [ 41%] [32mBuilding CXX object CMakeFiles/practice__rosidl_typesupport_introspection_cpp.dir/rosidl_typesupport_introspection_cpp/practice/msg/detail/system_status__type_support.cpp.o[0m
[1.413s] [ 45%] [32mBuilding CXX object CMakeFiles/practice__rosidl_typesupport_c.dir/rosidl_typesupport_c/practice/msg/system_status__type_support.cpp.o[0m
[1.428s] [ 48%] [32mBuilding C object CMakeFiles/practice__rosidl_typesupport_introspection_c.dir/rosidl_typesupport_introspection_c/practice/msg/detail/system_status__type_support.c.o[0m
[1.440s] [ 51%] [32mBuilding CXX object CMakeFiles/practice__rosidl_typesupport_fastrtps_c.dir/rosidl_typesupport_fastrtps_c/practice/msg/detail/system_status__type_support_c.cpp.o[0m
[1.452s] [ 54%] [32m[1mLinking CXX shared library libpractice__rosidl_typesupport_c.so[0m
[1.461s] [ 58%] [32m[1mLinking C shared library libpractice__rosidl_typesupport_introspection_c.so[0m
[1.488s] [ 58%] Built target practice__rosidl_typesupport_c
[1.495s] [ 58%] Built target practice__rosidl_typesupport_introspection_c
[1.525s] [ 61%] [32m[1mLinking CXX shared library libpractice__rosidl_typesupport_cpp.so[0m
[1.564s] [ 61%] Built target practice__rosidl_typesupport_cpp
[1.634s] [ 64%] [32m[1mLinking CXX shared library libpractice__rosidl_typesupport_introspection_cpp.so[0m
[1.660s] [ 67%] [32m[1mLinking CXX shared library libpractice__rosidl_typesupport_fastrtps_cpp.so[0m
[1.697s] [ 67%] Built target practice__rosidl_typesupport_introspection_cpp
[1.729s] [ 67%] Built target practice__rosidl_typesupport_fastrtps_cpp
[1.742s] [ 70%] [32m[1mLinking CXX shared library libpractice__rosidl_typesupport_fastrtps_c.so[0m
[1.797s] [ 70%] Built target practice__rosidl_typesupport_fastrtps_c
[1.815s] [ 70%] Built target practice
[1.829s] [ 74%] [34m[1mGenerating Python code for ROS interfaces[0m
[2.060s] [ 74%] Built target practice__py
[2.077s] [ 77%] [32mBuilding C object CMakeFiles/practice__rosidl_generator_py.dir/rosidl_generator_py/practice/msg/_system_status_s.c.o[0m
[2.188s] [ 80%] [32m[1mLinking C shared library rosidl_generator_py/practice/libpractice__rosidl_generator_py.so[0m
[2.217s] [ 80%] Built target practice__rosidl_generator_py
[2.234s] [ 83%] [32mBuilding C object CMakeFiles/practice__rosidl_typesupport_c__pyext.dir/rosidl_generator_py/practice/_practice_s.ep.rosidl_typesupport_c.c.o[0m
[2.234s] [ 87%] [32mBuilding C object CMakeFiles/practice__rosidl_typesupport_introspection_c__pyext.dir/rosidl_generator_py/practice/_practice_s.ep.rosidl_typesupport_introspection_c.c.o[0m
[2.235s] [ 90%] [32mBuilding C object CMakeFiles/practice__rosidl_typesupport_fastrtps_c__pyext.dir/rosidl_generator_py/practice/_practice_s.ep.rosidl_typesupport_fastrtps_c.c.o[0m
[2.306s] [ 93%] [32m[1mLinking C shared library rosidl_generator_py/practice/practice_s__rosidl_typesupport_fastrtps_c.cpython-310-x86_64-linux-gnu.so[0m
[2.306s] [ 96%] [32m[1mLinking C shared library rosidl_generator_py/practice/practice_s__rosidl_typesupport_c.cpython-310-x86_64-linux-gnu.so[0m
[2.316s] [100%] [32m[1mLinking C shared library rosidl_generator_py/practice/practice_s__rosidl_typesupport_introspection_c.cpython-310-x86_64-linux-gnu.so[0m
[2.333s] [100%] Built target practice__rosidl_typesupport_c__pyext
[2.333s] [100%] Built target practice__rosidl_typesupport_fastrtps_c__pyext
[2.344s] [100%] Built target practice__rosidl_typesupport_introspection_c__pyext
[2.353s] Invoked command in '/home/pikachu/Documents/ros2/WorkSpace_p1/build/practice' returned '0': CMAKE_PREFIX_PATH=/opt/ros/humble /usr/bin/cmake --build /home/pikachu/Documents/ros2/WorkSpace_p1/build/practice -- -j16 -l16
[2.404s] Invoking command in '/home/pikachu/Documents/ros2/WorkSpace_p1/build/practice': CMAKE_PREFIX_PATH=/opt/ros/humble /usr/bin/cmake --install /home/pikachu/Documents/ros2/WorkSpace_p1/build/practice
[2.409s] -- Install configuration: ""
[2.410s] -- Installing: /home/pikachu/Documents/ros2/WorkSpace_p1/install/practice/share/ament_index/resource_index/rosidl_interfaces/practice
[2.410s] -- Installing: /home/pikachu/Documents/ros2/WorkSpace_p1/install/practice/include/practice/practice
[2.410s] -- Installing: /home/pikachu/Documents/ros2/WorkSpace_p1/install/practice/include/practice/practice/msg
[2.410s] -- Installing: /home/pikachu/Documents/ros2/WorkSpace_p1/install/practice/include/practice/practice/msg/rosidl_generator_c__visibility_control.h
[2.410s] -- Installing: /home/pikachu/Documents/ros2/WorkSpace_p1/install/practice/include/practice/practice/msg/system_status.h
[2.410s] -- Installing: /home/pikachu/Documents/ros2/WorkSpace_p1/install/practice/include/practice/practice/msg/detail
[2.410s] -- Installing: /home/pikachu/Documents/ros2/WorkSpace_p1/install/practice/include/practice/practice/msg/detail/system_status__functions.h
[2.410s] -- Installing: /home/pikachu/Documents/ros2/WorkSpace_p1/install/practice/include/practice/practice/msg/detail/system_status__functions.c
[2.410s] -- Installing: /home/pikachu/Documents/ros2/WorkSpace_p1/install/practice/include/practice/practice/msg/detail/system_status__struct.h
[2.410s] -- Installing: /home/pikachu/Documents/ros2/WorkSpace_p1/install/practice/include/practice/practice/msg/detail/system_status__type_support.h
[2.411s] -- Installing: /home/pikachu/Documents/ros2/WorkSpace_p1/install/practice/share/practice/environment/library_path.sh
[2.411s] -- Installing: /home/pikachu/Documents/ros2/WorkSpace_p1/install/practice/share/practice/environment/library_path.dsv
[2.411s] -- Installing: /home/pikachu/Documents/ros2/WorkSpace_p1/install/practice/lib/libpractice__rosidl_generator_c.so
[2.411s] -- Set runtime path of "/home/pikachu/Documents/ros2/WorkSpace_p1/install/practice/lib/libpractice__rosidl_generator_c.so" to ""
[2.411s] -- Up-to-date: /home/pikachu/Documents/ros2/WorkSpace_p1/install/practice/include/practice/practice
[2.411s] -- Up-to-date: /home/pikachu/Documents/ros2/WorkSpace_p1/install/practice/include/practice/practice/msg
[2.411s] -- Installing: /home/pikachu/Documents/ros2/WorkSpace_p1/install/practice/include/practice/practice/msg/rosidl_typesupport_fastrtps_c__visibility_control.h
[2.411s] -- Up-to-date: /home/pikachu/Documents/ros2/WorkSpace_p1/install/practice/include/practice/practice/msg/detail
[2.411s] -- Installing: /home/pikachu/Documents/ros2/WorkSpace_p1/install/practice/include/practice/practice/msg/detail/system_status__rosidl_typesupport_fastrtps_c.h
[2.411s] -- Installing: /home/pikachu/Documents/ros2/WorkSpace_p1/install/practice/lib/libpractice__rosidl_typesupport_fastrtps_c.so
[2.411s] -- Set runtime path of "/home/pikachu/Documents/ros2/WorkSpace_p1/install/practice/lib/libpractice__rosidl_typesupport_fastrtps_c.so" to ""
[2.411s] -- Up-to-date: /home/pikachu/Documents/ros2/WorkSpace_p1/install/practice/include/practice/practice
[2.411s] -- Up-to-date: /home/pikachu/Documents/ros2/WorkSpace_p1/install/practice/include/practice/practice/msg
[2.411s] -- Installing: /home/pikachu/Documents/ros2/WorkSpace_p1/install/practice/include/practice/practice/msg/system_status.hpp
[2.411s] -- Up-to-date: /home/pikachu/Documents/ros2/WorkSpace_p1/install/practice/include/practice/practice/msg/detail
[2.411s] -- Installing: /home/pikachu/Documents/ros2/WorkSpace_p1/install/practice/include/practice/practice/msg/detail/system_status__traits.hpp
[2.411s] -- Installing: /home/pikachu/Documents/ros2/WorkSpace_p1/install/practice/include/practice/practice/msg/detail/system_status__builder.hpp
[2.411s] -- Installing: /home/pikachu/Documents/ros2/WorkSpace_p1/install/practice/include/practice/practice/msg/detail/system_status__struct.hpp
[2.411s] -- Up-to-date: /home/pikachu/Documents/ros2/WorkSpace_p1/install/practice/include/practice/practice
[2.412s] -- Up-to-date: /home/pikachu/Documents/ros2/WorkSpace_p1/install/practice/include/practice/practice/msg
[2.412s] -- Installing: /home/pikachu/Documents/ros2/WorkSpace_p1/install/practice/include/practice/practice/msg/rosidl_typesupport_fastrtps_cpp__visibility_control.h
[2.412s] -- Up-to-date: /home/pikachu/Documents/ros2/WorkSpace_p1/install/practice/include/practice/practice/msg/detail
[2.412s] -- Installing: /home/pikachu/Documents/ros2/WorkSpace_p1/install/practice/include/practice/practice/msg/detail/dds_fastrtps
[2.412s] -- Installing: /home/pikachu/Documents/ros2/WorkSpace_p1/install/practice/include/practice/practice/msg/detail/system_status__rosidl_typesupport_fastrtps_cpp.hpp
[2.412s] -- Installing: /home/pikachu/Documents/ros2/WorkSpace_p1/install/practice/lib/libpractice__rosidl_typesupport_fastrtps_cpp.so
[2.412s] -- Set runtime path of "/home/pikachu/Documents/ros2/WorkSpace_p1/install/practice/lib/libpractice__rosidl_typesupport_fastrtps_cpp.so" to ""
[2.412s] -- Up-to-date: /home/pikachu/Documents/ros2/WorkSpace_p1/install/practice/include/practice/practice
[2.412s] -- Up-to-date: /home/pikachu/Documents/ros2/WorkSpace_p1/install/practice/include/practice/practice/msg
[2.412s] -- Installing: /home/pikachu/Documents/ros2/WorkSpace_p1/install/practice/include/practice/practice/msg/rosidl_typesupport_introspection_c__visibility_control.h
[2.412s] -- Up-to-date: /home/pikachu/Documents/ros2/WorkSpace_p1/install/practice/include/practice/practice/msg/detail
[2.412s] -- Installing: /home/pikachu/Documents/ros2/WorkSpace_p1/install/practice/include/practice/practice/msg/detail/system_status__type_support.c
[2.412s] -- Installing: /home/pikachu/Documents/ros2/WorkSpace_p1/install/practice/include/practice/practice/msg/detail/system_status__rosidl_typesupport_introspection_c.h
[2.412s] -- Installing: /home/pikachu/Documents/ros2/WorkSpace_p1/install/practice/lib/libpractice__rosidl_typesupport_introspection_c.so
[2.412s] -- Set runtime path of "/home/pikachu/Documents/ros2/WorkSpace_p1/install/practice/lib/libpractice__rosidl_typesupport_introspection_c.so" to ""
[2.412s] -- Installing: /home/pikachu/Documents/ros2/WorkSpace_p1/install/practice/lib/libpractice__rosidl_typesupport_c.so
[2.412s] -- Set runtime path of "/home/pikachu/Documents/ros2/WorkSpace_p1/install/practice/lib/libpractice__rosidl_typesupport_c.so" to ""
[2.412s] -- Up-to-date: /home/pikachu/Documents/ros2/WorkSpace_p1/install/practice/include/practice/practice
[2.412s] -- Up-to-date: /home/pikachu/Documents/ros2/WorkSpace_p1/install/practice/include/practice/practice/msg
[2.413s] -- Up-to-date: /home/pikachu/Documents/ros2/WorkSpace_p1/install/practice/include/practice/practice/msg/detail
[2.413s] -- Installing: /home/pikachu/Documents/ros2/WorkSpace_p1/install/practice/include/practice/practice/msg/detail/system_status__type_support.cpp
[2.413s] -- Installing: /home/pikachu/Documents/ros2/WorkSpace_p1/install/practice/include/practice/practice/msg/detail/system_status__rosidl_typesupport_introspection_cpp.hpp
[2.413s] -- Installing: /home/pikachu/Documents/ros2/WorkSpace_p1/install/practice/lib/libpractice__rosidl_typesupport_introspection_cpp.so
[2.413s] -- Set runtime path of "/home/pikachu/Documents/ros2/WorkSpace_p1/install/practice/lib/libpractice__rosidl_typesupport_introspection_cpp.so" to ""
[2.413s] -- Installing: /home/pikachu/Documents/ros2/WorkSpace_p1/install/practice/lib/libpractice__rosidl_typesupport_cpp.so
[2.413s] -- Set runtime path of "/home/pikachu/Documents/ros2/WorkSpace_p1/install/practice/lib/libpractice__rosidl_typesupport_cpp.so" to ""
[2.413s] -- Installing: /home/pikachu/Documents/ros2/WorkSpace_p1/install/practice/share/practice/environment/pythonpath.sh
[2.413s] -- Installing: /home/pikachu/Documents/ros2/WorkSpace_p1/install/practice/share/practice/environment/pythonpath.dsv
[2.413s] -- Installing: /home/pikachu/Documents/ros2/WorkSpace_p1/install/practice/local/lib/python3.10/dist-packages/practice-0.0.0-py3.10.egg-info
[2.413s] -- Installing: /home/pikachu/Documents/ros2/WorkSpace_p1/install/practice/local/lib/python3.10/dist-packages/practice-0.0.0-py3.10.egg-info/top_level.txt
[2.413s] -- Installing: /home/pikachu/Documents/ros2/WorkSpace_p1/install/practice/local/lib/python3.10/dist-packages/practice-0.0.0-py3.10.egg-info/PKG-INFO
[2.413s] -- Installing: /home/pikachu/Documents/ros2/WorkSpace_p1/install/practice/local/lib/python3.10/dist-packages/practice-0.0.0-py3.10.egg-info/dependency_links.txt
[2.413s] -- Installing: /home/pikachu/Documents/ros2/WorkSpace_p1/install/practice/local/lib/python3.10/dist-packages/practice-0.0.0-py3.10.egg-info/SOURCES.txt
[2.413s] -- Installing: /home/pikachu/Documents/ros2/WorkSpace_p1/install/practice/local/lib/python3.10/dist-packages/practice
[2.413s] -- Installing: /home/pikachu/Documents/ros2/WorkSpace_p1/install/practice/local/lib/python3.10/dist-packages/practice/__init__.py
[2.413s] -- Installing: /home/pikachu/Documents/ros2/WorkSpace_p1/install/practice/local/lib/python3.10/dist-packages/practice/_practice_s.ep.rosidl_typesupport_fastrtps_c.c
[2.413s] -- Installing: /home/pikachu/Documents/ros2/WorkSpace_p1/install/practice/local/lib/python3.10/dist-packages/practice/libpractice__rosidl_generator_py.so
[2.414s] -- Installing: /home/pikachu/Documents/ros2/WorkSpace_p1/install/practice/local/lib/python3.10/dist-packages/practice/msg
[2.414s] -- Installing: /home/pikachu/Documents/ros2/WorkSpace_p1/install/practice/local/lib/python3.10/dist-packages/practice/msg/__init__.py
[2.414s] -- Installing: /home/pikachu/Documents/ros2/WorkSpace_p1/install/practice/local/lib/python3.10/dist-packages/practice/msg/_system_status.py
[2.414s] -- Installing: /home/pikachu/Documents/ros2/WorkSpace_p1/install/practice/local/lib/python3.10/dist-packages/practice/msg/_system_status_s.c
[2.414s] -- Installing: /home/pikachu/Documents/ros2/WorkSpace_p1/install/practice/local/lib/python3.10/dist-packages/practice/practice_s__rosidl_typesupport_fastrtps_c.cpython-310-x86_64-linux-gnu.so
[2.414s] -- Installing: /home/pikachu/Documents/ros2/WorkSpace_p1/install/practice/local/lib/python3.10/dist-packages/practice/practice_s__rosidl_typesupport_introspection_c.cpython-310-x86_64-linux-gnu.so
[2.414s] -- Installing: /home/pikachu/Documents/ros2/WorkSpace_p1/install/practice/local/lib/python3.10/dist-packages/practice/practice_s__rosidl_typesupport_c.cpython-310-x86_64-linux-gnu.so
[2.414s] -- Installing: /home/pikachu/Documents/ros2/WorkSpace_p1/install/practice/local/lib/python3.10/dist-packages/practice/_practice_s.ep.rosidl_typesupport_c.c
[2.414s] -- Installing: /home/pikachu/Documents/ros2/WorkSpace_p1/install/practice/local/lib/python3.10/dist-packages/practice/_practice_s.ep.rosidl_typesupport_introspection_c.c
[2.455s] Listing '/home/pikachu/Documents/ros2/WorkSpace_p1/install/practice/local/lib/python3.10/dist-packages/practice'...
[2.455s] Compiling '/home/pikachu/Documents/ros2/WorkSpace_p1/install/practice/local/lib/python3.10/dist-packages/practice/__init__.py'...
[2.455s] Listing '/home/pikachu/Documents/ros2/WorkSpace_p1/install/practice/local/lib/python3.10/dist-packages/practice/msg'...
[2.455s] Compiling '/home/pikachu/Documents/ros2/WorkSpace_p1/install/practice/local/lib/python3.10/dist-packages/practice/msg/__init__.py'...
[2.455s] Compiling '/home/pikachu/Documents/ros2/WorkSpace_p1/install/practice/local/lib/python3.10/dist-packages/practice/msg/_system_status.py'...
[2.459s] -- Installing: /home/pikachu/Documents/ros2/WorkSpace_p1/install/practice/local/lib/python3.10/dist-packages/practice/practice_s__rosidl_typesupport_fastrtps_c.cpython-310-x86_64-linux-gnu.so
[2.459s] -- Set runtime path of "/home/pikachu/Documents/ros2/WorkSpace_p1/install/practice/local/lib/python3.10/dist-packages/practice/practice_s__rosidl_typesupport_fastrtps_c.cpython-310-x86_64-linux-gnu.so" to ""
[2.459s] -- Installing: /home/pikachu/Documents/ros2/WorkSpace_p1/install/practice/local/lib/python3.10/dist-packages/practice/practice_s__rosidl_typesupport_introspection_c.cpython-310-x86_64-linux-gnu.so
[2.459s] -- Set runtime path of "/home/pikachu/Documents/ros2/WorkSpace_p1/install/practice/local/lib/python3.10/dist-packages/practice/practice_s__rosidl_typesupport_introspection_c.cpython-310-x86_64-linux-gnu.so" to ""
[2.459s] -- Installing: /home/pikachu/Documents/ros2/WorkSpace_p1/install/practice/local/lib/python3.10/dist-packages/practice/practice_s__rosidl_typesupport_c.cpython-310-x86_64-linux-gnu.so
[2.459s] -- Set runtime path of "/home/pikachu/Documents/ros2/WorkSpace_p1/install/practice/local/lib/python3.10/dist-packages/practice/practice_s__rosidl_typesupport_c.cpython-310-x86_64-linux-gnu.so" to ""
[2.459s] -- Installing: /home/pikachu/Documents/ros2/WorkSpace_p1/install/practice/lib/libpractice__rosidl_generator_py.so
[2.460s] -- Set runtime path of "/home/pikachu/Documents/ros2/WorkSpace_p1/install/practice/lib/libpractice__rosidl_generator_py.so" to ""
[2.460s] -- Installing: /home/pikachu/Documents/ros2/WorkSpace_p1/install/practice/share/practice/msg/SystemStatus.idl
[2.460s] -- Installing: /home/pikachu/Documents/ros2/WorkSpace_p1/install/practice/share/practice/msg/SystemStatus.msg
[2.460s] -- Installing: /home/pikachu/Documents/ros2/WorkSpace_p1/install/practice/share/ament_index/resource_index/package_run_dependencies/practice
[2.460s] -- Installing: /home/pikachu/Documents/ros2/WorkSpace_p1/install/practice/share/ament_index/resource_index/parent_prefix_path/practice
[2.460s] -- Installing: /home/pikachu/Documents/ros2/WorkSpace_p1/install/practice/share/practice/environment/ament_prefix_path.sh
[2.460s] -- Installing: /home/pikachu/Documents/ros2/WorkSpace_p1/install/practice/share/practice/environment/ament_prefix_path.dsv
[2.460s] -- Installing: /home/pikachu/Documents/ros2/WorkSpace_p1/install/practice/share/practice/environment/path.sh
[2.460s] -- Installing: /home/pikachu/Documents/ros2/WorkSpace_p1/install/practice/share/practice/environment/path.dsv
[2.460s] -- Installing: /home/pikachu/Documents/ros2/WorkSpace_p1/install/practice/share/practice/local_setup.bash
[2.460s] -- Installing: /home/pikachu/Documents/ros2/WorkSpace_p1/install/practice/share/practice/local_setup.sh
[2.460s] -- Installing: /home/pikachu/Documents/ros2/WorkSpace_p1/install/practice/share/practice/local_setup.zsh
[2.460s] -- Installing: /home/pikachu/Documents/ros2/WorkSpace_p1/install/practice/share/practice/local_setup.dsv
[2.460s] -- Installing: /home/pikachu/Documents/ros2/WorkSpace_p1/install/practice/share/practice/package.dsv
[2.460s] -- Installing: /home/pikachu/Documents/ros2/WorkSpace_p1/install/practice/share/ament_index/resource_index/packages/practice
[2.461s] -- Installing: /home/pikachu/Documents/ros2/WorkSpace_p1/install/practice/share/practice/cmake/export_practice__rosidl_generator_cExport.cmake
[2.461s] -- Installing: /home/pikachu/Documents/ros2/WorkSpace_p1/install/practice/share/practice/cmake/export_practice__rosidl_generator_cExport-noconfig.cmake
[2.461s] -- Installing: /home/pikachu/Documents/ros2/WorkSpace_p1/install/practice/share/practice/cmake/export_practice__rosidl_typesupport_fastrtps_cExport.cmake
[2.461s] -- Installing: /home/pikachu/Documents/ros2/WorkSpace_p1/install/practice/share/practice/cmake/export_practice__rosidl_typesupport_fastrtps_cExport-noconfig.cmake
[2.461s] -- Installing: /home/pikachu/Documents/ros2/WorkSpace_p1/install/practice/share/practice/cmake/export_practice__rosidl_generator_cppExport.cmake
[2.461s] -- Installing: /home/pikachu/Documents/ros2/WorkSpace_p1/install/practice/share/practice/cmake/export_practice__rosidl_typesupport_fastrtps_cppExport.cmake
[2.461s] -- Installing: /home/pikachu/Documents/ros2/WorkSpace_p1/install/practice/share/practice/cmake/export_practice__rosidl_typesupport_fastrtps_cppExport-noconfig.cmake
[2.461s] -- Installing: /home/pikachu/Documents/ros2/WorkSpace_p1/install/practice/share/practice/cmake/practice__rosidl_typesupport_introspection_cExport.cmake
[2.461s] -- Installing: /home/pikachu/Documents/ros2/WorkSpace_p1/install/practice/share/practice/cmake/practice__rosidl_typesupport_introspection_cExport-noconfig.cmake
[2.461s] -- Installing: /home/pikachu/Documents/ros2/WorkSpace_p1/install/practice/share/practice/cmake/practice__rosidl_typesupport_cExport.cmake
[2.461s] -- Installing: /home/pikachu/Documents/ros2/WorkSpace_p1/install/practice/share/practice/cmake/practice__rosidl_typesupport_cExport-noconfig.cmake
[2.461s] -- Installing: /home/pikachu/Documents/ros2/WorkSpace_p1/install/practice/share/practice/cmake/practice__rosidl_typesupport_introspection_cppExport.cmake
[2.461s] -- Installing: /home/pikachu/Documents/ros2/WorkSpace_p1/install/practice/share/practice/cmake/practice__rosidl_typesupport_introspection_cppExport-noconfig.cmake
[2.461s] -- Installing: /home/pikachu/Documents/ros2/WorkSpace_p1/install/practice/share/practice/cmake/practice__rosidl_typesupport_cppExport.cmake
[2.461s] -- Installing: /home/pikachu/Documents/ros2/WorkSpace_p1/install/practice/share/practice/cmake/practice__rosidl_typesupport_cppExport-noconfig.cmake
[2.462s] -- Installing: /home/pikachu/Documents/ros2/WorkSpace_p1/install/practice/share/practice/cmake/export_practice__rosidl_generator_pyExport.cmake
[2.462s] -- Installing: /home/pikachu/Documents/ros2/WorkSpace_p1/install/practice/share/practice/cmake/export_practice__rosidl_generator_pyExport-noconfig.cmake
[2.462s] -- Installing: /home/pikachu/Documents/ros2/WorkSpace_p1/install/practice/share/practice/cmake/rosidl_cmake-extras.cmake
[2.462s] -- Installing: /home/pikachu/Documents/ros2/WorkSpace_p1/install/practice/share/practice/cmake/ament_cmake_export_dependencies-extras.cmake
[2.462s] -- Installing: /home/pikachu/Documents/ros2/WorkSpace_p1/install/practice/share/practice/cmake/ament_cmake_export_include_directories-extras.cmake
[2.462s] -- Installing: /home/pikachu/Documents/ros2/WorkSpace_p1/install/practice/share/practice/cmake/ament_cmake_export_libraries-extras.cmake
[2.462s] -- Installing: /home/pikachu/Documents/ros2/WorkSpace_p1/install/practice/share/practice/cmake/ament_cmake_export_targets-extras.cmake
[2.462s] -- Installing: /home/pikachu/Documents/ros2/WorkSpace_p1/install/practice/share/practice/cmake/rosidl_cmake_export_typesupport_targets-extras.cmake
[2.462s] -- Installing: /home/pikachu/Documents/ros2/WorkSpace_p1/install/practice/share/practice/cmake/rosidl_cmake_export_typesupport_libraries-extras.cmake
[2.462s] -- Installing: /home/pikachu/Documents/ros2/WorkSpace_p1/install/practice/share/practice/cmake/practiceConfig.cmake
[2.462s] -- Installing: /home/pikachu/Documents/ros2/WorkSpace_p1/install/practice/share/practice/cmake/practiceConfig-version.cmake
[2.462s] -- Installing: /home/pikachu/Documents/ros2/WorkSpace_p1/install/practice/share/practice/package.xml
[2.465s] Invoked command in '/home/pikachu/Documents/ros2/WorkSpace_p1/build/practice' returned '0': CMAKE_PREFIX_PATH=/opt/ros/humble /usr/bin/cmake --install /home/pikachu/Documents/ros2/WorkSpace_p1/build/practice
