[  6%] Built target practice__cpp
[ 12%] Built target practice__rosidl_generator_c
[ 12%] Built target ament_cmake_python_copy_practice
[ 22%] Built target practice__rosidl_typesupport_introspection_c
[ 41%] Built target practice__rosidl_typesupport_introspection_cpp
[ 41%] Built target practice__rosidl_typesupport_fastrtps_cpp
[ 51%] Built target practice__rosidl_typesupport_c
[ 61%] Built target practice__rosidl_typesupport_fastrtps_c
[ 70%] Built target practice__rosidl_typesupport_cpp
[ 70%] Built target practice
[ 74%] Built target practice__py
[ 80%] Built target practice__rosidl_generator_py
[ 93%] Built target practice__rosidl_typesupport_introspection_c__pyext
[ 93%] Built target practice__rosidl_typesupport_c__pyext
[100%] Built target practice__rosidl_typesupport_fastrtps_c__pyext
running egg_info
writing practice.egg-info/PKG-INFO
writing dependency_links to practice.egg-info/dependency_links.txt
writing top-level names to practice.egg-info/top_level.txt
reading manifest file 'practice.egg-info/SOURCES.txt'
writing manifest file 'practice.egg-info/SOURCES.txt'
[100%] Built target ament_cmake_python_build_practice_egg
-- Install configuration: ""
-- Up-to-date: /home/pikachu/Documents/ros2/WorkSpace_p1/install/practice/share/ament_index/resource_index/rosidl_interfaces/practice
-- Up-to-date: /home/pikachu/Documents/ros2/WorkSpace_p1/install/practice/include/practice/practice
-- Up-to-date: /home/pikachu/Documents/ros2/WorkSpace_p1/install/practice/include/practice/practice/msg
-- Up-to-date: /home/pikachu/Documents/ros2/WorkSpace_p1/install/practice/include/practice/practice/msg/rosidl_generator_c__visibility_control.h
-- Up-to-date: /home/pikachu/Documents/ros2/WorkSpace_p1/install/practice/include/practice/practice/msg/system_status.h
-- Up-to-date: /home/pikachu/Documents/ros2/WorkSpace_p1/install/practice/include/practice/practice/msg/detail
-- Up-to-date: /home/pikachu/Documents/ros2/WorkSpace_p1/install/practice/include/practice/practice/msg/detail/system_status__functions.h
-- Up-to-date: /home/pikachu/Documents/ros2/WorkSpace_p1/install/practice/include/practice/practice/msg/detail/system_status__functions.c
-- Up-to-date: /home/pikachu/Documents/ros2/WorkSpace_p1/install/practice/include/practice/practice/msg/detail/system_status__struct.h
-- Up-to-date: /home/pikachu/Documents/ros2/WorkSpace_p1/install/practice/include/practice/practice/msg/detail/system_status__type_support.h
-- Up-to-date: /home/pikachu/Documents/ros2/WorkSpace_p1/install/practice/share/practice/environment/library_path.sh
-- Up-to-date: /home/pikachu/Documents/ros2/WorkSpace_p1/install/practice/share/practice/environment/library_path.dsv
-- Up-to-date: /home/pikachu/Documents/ros2/WorkSpace_p1/install/practice/lib/libpractice__rosidl_generator_c.so
-- Up-to-date: /home/pikachu/Documents/ros2/WorkSpace_p1/install/practice/include/practice/practice
-- Up-to-date: /home/pikachu/Documents/ros2/WorkSpace_p1/install/practice/include/practice/practice/msg
-- Up-to-date: /home/pikachu/Documents/ros2/WorkSpace_p1/install/practice/include/practice/practice/msg/rosidl_typesupport_fastrtps_c__visibility_control.h
-- Up-to-date: /home/pikachu/Documents/ros2/WorkSpace_p1/install/practice/include/practice/practice/msg/detail
-- Up-to-date: /home/pikachu/Documents/ros2/WorkSpace_p1/install/practice/include/practice/practice/msg/detail/system_status__rosidl_typesupport_fastrtps_c.h
-- Up-to-date: /home/pikachu/Documents/ros2/WorkSpace_p1/install/practice/lib/libpractice__rosidl_typesupport_fastrtps_c.so
-- Up-to-date: /home/pikachu/Documents/ros2/WorkSpace_p1/install/practice/include/practice/practice
-- Up-to-date: /home/pikachu/Documents/ros2/WorkSpace_p1/install/practice/include/practice/practice/msg
-- Up-to-date: /home/pikachu/Documents/ros2/WorkSpace_p1/install/practice/include/practice/practice/msg/system_status.hpp
-- Up-to-date: /home/pikachu/Documents/ros2/WorkSpace_p1/install/practice/include/practice/practice/msg/detail
-- Up-to-date: /home/pikachu/Documents/ros2/WorkSpace_p1/install/practice/include/practice/practice/msg/detail/system_status__traits.hpp
-- Up-to-date: /home/pikachu/Documents/ros2/WorkSpace_p1/install/practice/include/practice/practice/msg/detail/system_status__builder.hpp
-- Up-to-date: /home/pikachu/Documents/ros2/WorkSpace_p1/install/practice/include/practice/practice/msg/detail/system_status__struct.hpp
-- Up-to-date: /home/pikachu/Documents/ros2/WorkSpace_p1/install/practice/include/practice/practice
-- Up-to-date: /home/pikachu/Documents/ros2/WorkSpace_p1/install/practice/include/practice/practice/msg
-- Up-to-date: /home/pikachu/Documents/ros2/WorkSpace_p1/install/practice/include/practice/practice/msg/rosidl_typesupport_fastrtps_cpp__visibility_control.h
-- Up-to-date: /home/pikachu/Documents/ros2/WorkSpace_p1/install/practice/include/practice/practice/msg/detail
-- Up-to-date: /home/pikachu/Documents/ros2/WorkSpace_p1/install/practice/include/practice/practice/msg/detail/dds_fastrtps
-- Up-to-date: /home/pikachu/Documents/ros2/WorkSpace_p1/install/practice/include/practice/practice/msg/detail/system_status__rosidl_typesupport_fastrtps_cpp.hpp
-- Up-to-date: /home/pikachu/Documents/ros2/WorkSpace_p1/install/practice/lib/libpractice__rosidl_typesupport_fastrtps_cpp.so
-- Up-to-date: /home/pikachu/Documents/ros2/WorkSpace_p1/install/practice/include/practice/practice
-- Up-to-date: /home/pikachu/Documents/ros2/WorkSpace_p1/install/practice/include/practice/practice/msg
-- Up-to-date: /home/pikachu/Documents/ros2/WorkSpace_p1/install/practice/include/practice/practice/msg/rosidl_typesupport_introspection_c__visibility_control.h
-- Up-to-date: /home/pikachu/Documents/ros2/WorkSpace_p1/install/practice/include/practice/practice/msg/detail
-- Up-to-date: /home/pikachu/Documents/ros2/WorkSpace_p1/install/practice/include/practice/practice/msg/detail/system_status__type_support.c
-- Up-to-date: /home/pikachu/Documents/ros2/WorkSpace_p1/install/practice/include/practice/practice/msg/detail/system_status__rosidl_typesupport_introspection_c.h
-- Up-to-date: /home/pikachu/Documents/ros2/WorkSpace_p1/install/practice/lib/libpractice__rosidl_typesupport_introspection_c.so
-- Up-to-date: /home/pikachu/Documents/ros2/WorkSpace_p1/install/practice/lib/libpractice__rosidl_typesupport_c.so
-- Up-to-date: /home/pikachu/Documents/ros2/WorkSpace_p1/install/practice/include/practice/practice
-- Up-to-date: /home/pikachu/Documents/ros2/WorkSpace_p1/install/practice/include/practice/practice/msg
-- Up-to-date: /home/pikachu/Documents/ros2/WorkSpace_p1/install/practice/include/practice/practice/msg/detail
-- Up-to-date: /home/pikachu/Documents/ros2/WorkSpace_p1/install/practice/include/practice/practice/msg/detail/system_status__type_support.cpp
-- Up-to-date: /home/pikachu/Documents/ros2/WorkSpace_p1/install/practice/include/practice/practice/msg/detail/system_status__rosidl_typesupport_introspection_cpp.hpp
-- Up-to-date: /home/pikachu/Documents/ros2/WorkSpace_p1/install/practice/lib/libpractice__rosidl_typesupport_introspection_cpp.so
-- Up-to-date: /home/pikachu/Documents/ros2/WorkSpace_p1/install/practice/lib/libpractice__rosidl_typesupport_cpp.so
-- Up-to-date: /home/pikachu/Documents/ros2/WorkSpace_p1/install/practice/share/practice/environment/pythonpath.sh
-- Up-to-date: /home/pikachu/Documents/ros2/WorkSpace_p1/install/practice/share/practice/environment/pythonpath.dsv
-- Up-to-date: /home/pikachu/Documents/ros2/WorkSpace_p1/install/practice/local/lib/python3.10/dist-packages/practice-0.0.0-py3.10.egg-info
-- Installing: /home/pikachu/Documents/ros2/WorkSpace_p1/install/practice/local/lib/python3.10/dist-packages/practice-0.0.0-py3.10.egg-info/top_level.txt
-- Installing: /home/pikachu/Documents/ros2/WorkSpace_p1/install/practice/local/lib/python3.10/dist-packages/practice-0.0.0-py3.10.egg-info/PKG-INFO
-- Installing: /home/pikachu/Documents/ros2/WorkSpace_p1/install/practice/local/lib/python3.10/dist-packages/practice-0.0.0-py3.10.egg-info/dependency_links.txt
-- Installing: /home/pikachu/Documents/ros2/WorkSpace_p1/install/practice/local/lib/python3.10/dist-packages/practice-0.0.0-py3.10.egg-info/SOURCES.txt
-- Up-to-date: /home/pikachu/Documents/ros2/WorkSpace_p1/install/practice/local/lib/python3.10/dist-packages/practice
-- Up-to-date: /home/pikachu/Documents/ros2/WorkSpace_p1/install/practice/local/lib/python3.10/dist-packages/practice/__init__.py
-- Up-to-date: /home/pikachu/Documents/ros2/WorkSpace_p1/install/practice/local/lib/python3.10/dist-packages/practice/_practice_s.ep.rosidl_typesupport_fastrtps_c.c
-- Up-to-date: /home/pikachu/Documents/ros2/WorkSpace_p1/install/practice/local/lib/python3.10/dist-packages/practice/libpractice__rosidl_generator_py.so
-- Up-to-date: /home/pikachu/Documents/ros2/WorkSpace_p1/install/practice/local/lib/python3.10/dist-packages/practice/msg
-- Up-to-date: /home/pikachu/Documents/ros2/WorkSpace_p1/install/practice/local/lib/python3.10/dist-packages/practice/msg/__init__.py
-- Up-to-date: /home/pikachu/Documents/ros2/WorkSpace_p1/install/practice/local/lib/python3.10/dist-packages/practice/msg/_system_status.py
-- Up-to-date: /home/pikachu/Documents/ros2/WorkSpace_p1/install/practice/local/lib/python3.10/dist-packages/practice/msg/_system_status_s.c
-- Up-to-date: /home/pikachu/Documents/ros2/WorkSpace_p1/install/practice/local/lib/python3.10/dist-packages/practice/practice_s__rosidl_typesupport_fastrtps_c.cpython-310-x86_64-linux-gnu.so
-- Up-to-date: /home/pikachu/Documents/ros2/WorkSpace_p1/install/practice/local/lib/python3.10/dist-packages/practice/practice_s__rosidl_typesupport_introspection_c.cpython-310-x86_64-linux-gnu.so
-- Up-to-date: /home/pikachu/Documents/ros2/WorkSpace_p1/install/practice/local/lib/python3.10/dist-packages/practice/practice_s__rosidl_typesupport_c.cpython-310-x86_64-linux-gnu.so
-- Up-to-date: /home/pikachu/Documents/ros2/WorkSpace_p1/install/practice/local/lib/python3.10/dist-packages/practice/_practice_s.ep.rosidl_typesupport_c.c
-- Up-to-date: /home/pikachu/Documents/ros2/WorkSpace_p1/install/practice/local/lib/python3.10/dist-packages/practice/_practice_s.ep.rosidl_typesupport_introspection_c.c
Listing '/home/pikachu/Documents/ros2/WorkSpace_p1/install/practice/local/lib/python3.10/dist-packages/practice'...
Listing '/home/pikachu/Documents/ros2/WorkSpace_p1/install/practice/local/lib/python3.10/dist-packages/practice/msg'...
-- Up-to-date: /home/pikachu/Documents/ros2/WorkSpace_p1/install/practice/local/lib/python3.10/dist-packages/practice/practice_s__rosidl_typesupport_fastrtps_c.cpython-310-x86_64-linux-gnu.so
-- Up-to-date: /home/pikachu/Documents/ros2/WorkSpace_p1/install/practice/local/lib/python3.10/dist-packages/practice/practice_s__rosidl_typesupport_introspection_c.cpython-310-x86_64-linux-gnu.so
-- Up-to-date: /home/pikachu/Documents/ros2/WorkSpace_p1/install/practice/local/lib/python3.10/dist-packages/practice/practice_s__rosidl_typesupport_c.cpython-310-x86_64-linux-gnu.so
-- Up-to-date: /home/pikachu/Documents/ros2/WorkSpace_p1/install/practice/lib/libpractice__rosidl_generator_py.so
-- Up-to-date: /home/pikachu/Documents/ros2/WorkSpace_p1/install/practice/share/practice/msg/SystemStatus.idl
-- Up-to-date: /home/pikachu/Documents/ros2/WorkSpace_p1/install/practice/share/practice/msg/SystemStatus.msg
-- Up-to-date: /home/pikachu/Documents/ros2/WorkSpace_p1/install/practice/share/ament_index/resource_index/package_run_dependencies/practice
-- Up-to-date: /home/pikachu/Documents/ros2/WorkSpace_p1/install/practice/share/ament_index/resource_index/parent_prefix_path/practice
-- Up-to-date: /home/pikachu/Documents/ros2/WorkSpace_p1/install/practice/share/practice/environment/ament_prefix_path.sh
-- Up-to-date: /home/pikachu/Documents/ros2/WorkSpace_p1/install/practice/share/practice/environment/ament_prefix_path.dsv
-- Up-to-date: /home/pikachu/Documents/ros2/WorkSpace_p1/install/practice/share/practice/environment/path.sh
-- Up-to-date: /home/pikachu/Documents/ros2/WorkSpace_p1/install/practice/share/practice/environment/path.dsv
-- Up-to-date: /home/pikachu/Documents/ros2/WorkSpace_p1/install/practice/share/practice/local_setup.bash
-- Up-to-date: /home/pikachu/Documents/ros2/WorkSpace_p1/install/practice/share/practice/local_setup.sh
-- Up-to-date: /home/pikachu/Documents/ros2/WorkSpace_p1/install/practice/share/practice/local_setup.zsh
-- Up-to-date: /home/pikachu/Documents/ros2/WorkSpace_p1/install/practice/share/practice/local_setup.dsv
-- Installing: /home/pikachu/Documents/ros2/WorkSpace_p1/install/practice/share/practice/package.dsv
-- Up-to-date: /home/pikachu/Documents/ros2/WorkSpace_p1/install/practice/share/ament_index/resource_index/packages/practice
-- Up-to-date: /home/pikachu/Documents/ros2/WorkSpace_p1/install/practice/share/practice/cmake/export_practice__rosidl_generator_cExport.cmake
-- Up-to-date: /home/pikachu/Documents/ros2/WorkSpace_p1/install/practice/share/practice/cmake/export_practice__rosidl_generator_cExport-noconfig.cmake
-- Up-to-date: /home/pikachu/Documents/ros2/WorkSpace_p1/install/practice/share/practice/cmake/export_practice__rosidl_typesupport_fastrtps_cExport.cmake
-- Up-to-date: /home/pikachu/Documents/ros2/WorkSpace_p1/install/practice/share/practice/cmake/export_practice__rosidl_typesupport_fastrtps_cExport-noconfig.cmake
-- Up-to-date: /home/pikachu/Documents/ros2/WorkSpace_p1/install/practice/share/practice/cmake/export_practice__rosidl_generator_cppExport.cmake
-- Up-to-date: /home/pikachu/Documents/ros2/WorkSpace_p1/install/practice/share/practice/cmake/export_practice__rosidl_typesupport_fastrtps_cppExport.cmake
-- Up-to-date: /home/pikachu/Documents/ros2/WorkSpace_p1/install/practice/share/practice/cmake/export_practice__rosidl_typesupport_fastrtps_cppExport-noconfig.cmake
-- Up-to-date: /home/pikachu/Documents/ros2/WorkSpace_p1/install/practice/share/practice/cmake/practice__rosidl_typesupport_introspection_cExport.cmake
-- Up-to-date: /home/pikachu/Documents/ros2/WorkSpace_p1/install/practice/share/practice/cmake/practice__rosidl_typesupport_introspection_cExport-noconfig.cmake
-- Up-to-date: /home/pikachu/Documents/ros2/WorkSpace_p1/install/practice/share/practice/cmake/practice__rosidl_typesupport_cExport.cmake
-- Up-to-date: /home/pikachu/Documents/ros2/WorkSpace_p1/install/practice/share/practice/cmake/practice__rosidl_typesupport_cExport-noconfig.cmake
-- Up-to-date: /home/pikachu/Documents/ros2/WorkSpace_p1/install/practice/share/practice/cmake/practice__rosidl_typesupport_introspection_cppExport.cmake
-- Up-to-date: /home/pikachu/Documents/ros2/WorkSpace_p1/install/practice/share/practice/cmake/practice__rosidl_typesupport_introspection_cppExport-noconfig.cmake
-- Up-to-date: /home/pikachu/Documents/ros2/WorkSpace_p1/install/practice/share/practice/cmake/practice__rosidl_typesupport_cppExport.cmake
-- Up-to-date: /home/pikachu/Documents/ros2/WorkSpace_p1/install/practice/share/practice/cmake/practice__rosidl_typesupport_cppExport-noconfig.cmake
-- Up-to-date: /home/pikachu/Documents/ros2/WorkSpace_p1/install/practice/share/practice/cmake/export_practice__rosidl_generator_pyExport.cmake
-- Up-to-date: /home/pikachu/Documents/ros2/WorkSpace_p1/install/practice/share/practice/cmake/export_practice__rosidl_generator_pyExport-noconfig.cmake
-- Up-to-date: /home/pikachu/Documents/ros2/WorkSpace_p1/install/practice/share/practice/cmake/rosidl_cmake-extras.cmake
-- Up-to-date: /home/pikachu/Documents/ros2/WorkSpace_p1/install/practice/share/practice/cmake/ament_cmake_export_dependencies-extras.cmake
-- Up-to-date: /home/pikachu/Documents/ros2/WorkSpace_p1/install/practice/share/practice/cmake/ament_cmake_export_include_directories-extras.cmake
-- Up-to-date: /home/pikachu/Documents/ros2/WorkSpace_p1/install/practice/share/practice/cmake/ament_cmake_export_libraries-extras.cmake
-- Up-to-date: /home/pikachu/Documents/ros2/WorkSpace_p1/install/practice/share/practice/cmake/ament_cmake_export_targets-extras.cmake
-- Up-to-date: /home/pikachu/Documents/ros2/WorkSpace_p1/install/practice/share/practice/cmake/rosidl_cmake_export_typesupport_targets-extras.cmake
-- Up-to-date: /home/pikachu/Documents/ros2/WorkSpace_p1/install/practice/share/practice/cmake/rosidl_cmake_export_typesupport_libraries-extras.cmake
-- Up-to-date: /home/pikachu/Documents/ros2/WorkSpace_p1/install/practice/share/practice/cmake/practiceConfig.cmake
-- Up-to-date: /home/pikachu/Documents/ros2/WorkSpace_p1/install/practice/share/practice/cmake/practiceConfig-version.cmake
-- Up-to-date: /home/pikachu/Documents/ros2/WorkSpace_p1/install/practice/share/practice/package.xml
