-- Found ament_cmake: 1.3.10 (/opt/ros/humble/share/ament_cmake/cmake)
-- Found rclcpp: 16.0.10 (/opt/ros/humble/share/rclcpp/cmake)
-- Found rosidl_generator_c: 3.1.5 (/opt/ros/humble/share/rosidl_generator_c/cmake)
-- Found rosidl_adapter: 3.1.5 (/opt/ros/humble/share/rosidl_adapter/cmake)
-- Found rosidl_generator_cpp: 3.1.5 (/opt/ros/humble/share/rosidl_generator_cpp/cmake)
-- Using all available rosidl_typesupport_c: rosidl_typesupport_fastrtps_c;rosidl_typesupport_introspection_c
-- Using all available rosidl_typesupport_cpp: rosidl_typesupport_fastrtps_cpp;rosidl_typesupport_introspection_cpp
-- Found rmw_implementation_cmake: 6.1.2 (/opt/ros/humble/share/rmw_implementation_cmake/cmake)
-- Found rmw_fastrtps_cpp: 6.2.7 (/opt/ros/humble/share/rmw_fastrtps_cpp/cmake)
-- Using RMW implementation 'rmw_fastrtps_cpp' as default
-- Found practice: 0.0.0 (/home/pikachu/Documents/ros2/WorkSpace_p1/install/practice/share/practice/cmake)
-- Found ament_lint_auto: 0.12.11 (/opt/ros/humble/share/ament_lint_auto/cmake)
-- Added test 'cppcheck' to perform static code analysis on C / C++ code
-- Configured cppcheck include dirs: 
-- Configured cppcheck exclude dirs and/or files: 
-- Added test 'lint_cmake' to check CMake code style
-- Added test 'uncrustify' to check C / C++ code style
-- Configured uncrustify additional arguments: 
-- Added test 'xmllint' to check XML markup files
-- Configuring done
-- Generating done
-- Build files have been written to: /home/pikachu/Documents/ros2/WorkSpace_p1/build/system_check
[35m[1mConsolidate compiler generated dependencies of target system_check[0m
[ 50%] [32m[1mLinking CXX executable system_check[0m
[100%] Built target system_check
-- Install configuration: ""
-- Installing: /home/pikachu/Documents/ros2/WorkSpace_p1/install/system_check/share/ament_index/resource_index/package_run_dependencies/system_check
-- Installing: /home/pikachu/Documents/ros2/WorkSpace_p1/install/system_check/share/ament_index/resource_index/parent_prefix_path/system_check
-- Installing: /home/pikachu/Documents/ros2/WorkSpace_p1/install/system_check/share/system_check/environment/ament_prefix_path.sh
-- Installing: /home/pikachu/Documents/ros2/WorkSpace_p1/install/system_check/share/system_check/environment/ament_prefix_path.dsv
-- Installing: /home/pikachu/Documents/ros2/WorkSpace_p1/install/system_check/share/system_check/environment/path.sh
-- Installing: /home/pikachu/Documents/ros2/WorkSpace_p1/install/system_check/share/system_check/environment/path.dsv
-- Installing: /home/pikachu/Documents/ros2/WorkSpace_p1/install/system_check/share/system_check/local_setup.bash
-- Installing: /home/pikachu/Documents/ros2/WorkSpace_p1/install/system_check/share/system_check/local_setup.sh
-- Installing: /home/pikachu/Documents/ros2/WorkSpace_p1/install/system_check/share/system_check/local_setup.zsh
-- Installing: /home/pikachu/Documents/ros2/WorkSpace_p1/install/system_check/share/system_check/local_setup.dsv
-- Installing: /home/pikachu/Documents/ros2/WorkSpace_p1/install/system_check/share/system_check/package.dsv
-- Installing: /home/pikachu/Documents/ros2/WorkSpace_p1/install/system_check/share/ament_index/resource_index/packages/system_check
-- Installing: /home/pikachu/Documents/ros2/WorkSpace_p1/install/system_check/share/system_check/cmake/system_checkConfig.cmake
-- Installing: /home/pikachu/Documents/ros2/WorkSpace_p1/install/system_check/share/system_check/cmake/system_checkConfig-version.cmake
-- Installing: /home/pikachu/Documents/ros2/WorkSpace_p1/install/system_check/share/system_check/package.xml
-- Installing: /home/pikachu/Documents/ros2/WorkSpace_p1/install/system_check/lib/system_check/system_check
-- Set runtime path of "/home/pikachu/Documents/ros2/WorkSpace_p1/install/system_check/lib/system_check/system_check" to ""
