[0.007s] Invoking command in '/home/pikachu/Documents/ros2/WorkSpace_p1/build/system_check': AMENT_PREFIX_PATH=/home/pikachu/Documents/ros2/WorkSpace_p1/install/practice:${AMENT_PREFIX_PATH} CMAKE_PREFIX_PATH=/home/pikachu/Documents/ros2/WorkSpace_p1/install/practice:/opt/ros/humble LD_LIBRARY_PATH=/home/pikachu/Documents/ros2/WorkSpace_p1/install/practice/lib:${LD_LIBRARY_PATH} PYTHONPATH=/home/pikachu/Documents/ros2/WorkSpace_p1/install/practice/local/lib/python3.10/dist-packages:${PYTHONPATH} /usr/bin/cmake --build /home/pikachu/Documents/ros2/WorkSpace_p1/build/system_check -- -j16 -l16
[0.024s] -- Found ament_cmake: 1.3.10 (/opt/ros/humble/share/ament_cmake/cmake)
[0.112s] -- Found rclcpp: 16.0.10 (/opt/ros/humble/share/rclcpp/cmake)
[0.128s] -- Found rosidl_generator_c: 3.1.5 (/opt/ros/humble/share/rosidl_generator_c/cmake)
[0.130s] -- Found rosidl_adapter: 3.1.5 (/opt/ros/humble/share/rosidl_adapter/cmake)
[0.133s] -- Found rosidl_generator_cpp: 3.1.5 (/opt/ros/humble/share/rosidl_generator_cpp/cmake)
[0.139s] -- Using all available rosidl_typesupport_c: rosidl_typesupport_fastrtps_c;rosidl_typesupport_introspection_c
[0.147s] -- Using all available rosidl_typesupport_cpp: rosidl_typesupport_fastrtps_cpp;rosidl_typesupport_introspection_cpp
[0.168s] -- Found rmw_implementation_cmake: 6.1.2 (/opt/ros/humble/share/rmw_implementation_cmake/cmake)
[0.168s] -- Found rmw_fastrtps_cpp: 6.2.7 (/opt/ros/humble/share/rmw_fastrtps_cpp/cmake)
[0.239s] -- Using RMW implementation 'rmw_fastrtps_cpp' as default
[0.267s] -- Found practice: 0.0.0 (/home/pikachu/Documents/ros2/WorkSpace_p1/install/practice/share/practice/cmake)
[0.273s] -- Found ament_lint_auto: 0.12.11 (/opt/ros/humble/share/ament_lint_auto/cmake)
[0.321s] -- Added test 'cppcheck' to perform static code analysis on C / C++ code
[0.321s] -- Configured cppcheck include dirs: 
[0.321s] -- Configured cppcheck exclude dirs and/or files: 
[0.322s] -- Added test 'lint_cmake' to check CMake code style
[0.323s] -- Added test 'uncrustify' to check C / C++ code style
[0.323s] -- Configured uncrustify additional arguments: 
[0.323s] -- Added test 'xmllint' to check XML markup files
[0.324s] -- Configuring done
[0.334s] -- Generating done
[0.335s] -- Build files have been written to: /home/pikachu/Documents/ros2/WorkSpace_p1/build/system_check
[0.356s] [35m[1mConsolidate compiler generated dependencies of target system_check[0m
[0.371s] [ 50%] [32m[1mLinking CXX executable system_check[0m
[0.502s] [100%] Built target system_check
[0.511s] Invoked command in '/home/pikachu/Documents/ros2/WorkSpace_p1/build/system_check' returned '0': AMENT_PREFIX_PATH=/home/pikachu/Documents/ros2/WorkSpace_p1/install/practice:${AMENT_PREFIX_PATH} CMAKE_PREFIX_PATH=/home/pikachu/Documents/ros2/WorkSpace_p1/install/practice:/opt/ros/humble LD_LIBRARY_PATH=/home/pikachu/Documents/ros2/WorkSpace_p1/install/practice/lib:${LD_LIBRARY_PATH} PYTHONPATH=/home/pikachu/Documents/ros2/WorkSpace_p1/install/practice/local/lib/python3.10/dist-packages:${PYTHONPATH} /usr/bin/cmake --build /home/pikachu/Documents/ros2/WorkSpace_p1/build/system_check -- -j16 -l16
[0.531s] Invoking command in '/home/pikachu/Documents/ros2/WorkSpace_p1/build/system_check': AMENT_PREFIX_PATH=/home/pikachu/Documents/ros2/WorkSpace_p1/install/practice:${AMENT_PREFIX_PATH} CMAKE_PREFIX_PATH=/home/pikachu/Documents/ros2/WorkSpace_p1/install/practice:/opt/ros/humble LD_LIBRARY_PATH=/home/pikachu/Documents/ros2/WorkSpace_p1/install/practice/lib:${LD_LIBRARY_PATH} PYTHONPATH=/home/pikachu/Documents/ros2/WorkSpace_p1/install/practice/local/lib/python3.10/dist-packages:${PYTHONPATH} /usr/bin/cmake --install /home/pikachu/Documents/ros2/WorkSpace_p1/build/system_check
[0.536s] -- Install configuration: ""
[0.536s] -- Installing: /home/pikachu/Documents/ros2/WorkSpace_p1/install/system_check/share/ament_index/resource_index/package_run_dependencies/system_check
[0.536s] -- Installing: /home/pikachu/Documents/ros2/WorkSpace_p1/install/system_check/share/ament_index/resource_index/parent_prefix_path/system_check
[0.536s] -- Installing: /home/pikachu/Documents/ros2/WorkSpace_p1/install/system_check/share/system_check/environment/ament_prefix_path.sh
[0.537s] -- Installing: /home/pikachu/Documents/ros2/WorkSpace_p1/install/system_check/share/system_check/environment/ament_prefix_path.dsv
[0.537s] -- Installing: /home/pikachu/Documents/ros2/WorkSpace_p1/install/system_check/share/system_check/environment/path.sh
[0.537s] -- Installing: /home/pikachu/Documents/ros2/WorkSpace_p1/install/system_check/share/system_check/environment/path.dsv
[0.537s] -- Installing: /home/pikachu/Documents/ros2/WorkSpace_p1/install/system_check/share/system_check/local_setup.bash
[0.537s] -- Installing: /home/pikachu/Documents/ros2/WorkSpace_p1/install/system_check/share/system_check/local_setup.sh
[0.537s] -- Installing: /home/pikachu/Documents/ros2/WorkSpace_p1/install/system_check/share/system_check/local_setup.zsh
[0.537s] -- Installing: /home/pikachu/Documents/ros2/WorkSpace_p1/install/system_check/share/system_check/local_setup.dsv
[0.537s] -- Installing: /home/pikachu/Documents/ros2/WorkSpace_p1/install/system_check/share/system_check/package.dsv
[0.537s] -- Installing: /home/pikachu/Documents/ros2/WorkSpace_p1/install/system_check/share/ament_index/resource_index/packages/system_check
[0.537s] -- Installing: /home/pikachu/Documents/ros2/WorkSpace_p1/install/system_check/share/system_check/cmake/system_checkConfig.cmake
[0.537s] -- Installing: /home/pikachu/Documents/ros2/WorkSpace_p1/install/system_check/share/system_check/cmake/system_checkConfig-version.cmake
[0.537s] -- Installing: /home/pikachu/Documents/ros2/WorkSpace_p1/install/system_check/share/system_check/package.xml
[0.537s] -- Installing: /home/pikachu/Documents/ros2/WorkSpace_p1/install/system_check/lib/system_check/system_check
[0.538s] -- Set runtime path of "/home/pikachu/Documents/ros2/WorkSpace_p1/install/system_check/lib/system_check/system_check" to ""
[0.541s] Invoked command in '/home/pikachu/Documents/ros2/WorkSpace_p1/build/system_check' returned '0': AMENT_PREFIX_PATH=/home/pikachu/Documents/ros2/WorkSpace_p1/install/practice:${AMENT_PREFIX_PATH} CMAKE_PREFIX_PATH=/home/pikachu/Documents/ros2/WorkSpace_p1/install/practice:/opt/ros/humble LD_LIBRARY_PATH=/home/pikachu/Documents/ros2/WorkSpace_p1/install/practice/lib:${LD_LIBRARY_PATH} PYTHONPATH=/home/pikachu/Documents/ros2/WorkSpace_p1/install/practice/local/lib/python3.10/dist-packages:${PYTHONPATH} /usr/bin/cmake --install /home/pikachu/Documents/ros2/WorkSpace_p1/build/system_check
