[0.008s] Invoking command in '/home/pikachu/Documents/ros2/WorkSpace_p1/build/system_check': AMENT_PREFIX_PATH=/home/pikachu/Documents/ros2/WorkSpace_p1/install/practice:${AMENT_PREFIX_PATH} CMAKE_PREFIX_PATH=/home/pikachu/Documents/ros2/WorkSpace_p1/install/practice:/opt/ros/humble LD_LIBRARY_PATH=/home/pikachu/Documents/ros2/WorkSpace_p1/install/practice/lib:${LD_LIBRARY_PATH} PYTHONPATH=/home/pikachu/Documents/ros2/WorkSpace_p1/install/practice/local/lib/python3.10/dist-packages:${PYTHONPATH} /usr/bin/cmake --build /home/pikachu/Documents/ros2/WorkSpace_p1/build/system_check -- -j16 -l16
[0.050s] [100%] Built target system_check
[0.060s] Invoked command in '/home/pikachu/Documents/ros2/WorkSpace_p1/build/system_check' returned '0': AMENT_PREFIX_PATH=/home/pikachu/Documents/ros2/WorkSpace_p1/install/practice:${AMENT_PREFIX_PATH} CMAKE_PREFIX_PATH=/home/pikachu/Documents/ros2/WorkSpace_p1/install/practice:/opt/ros/humble LD_LIBRARY_PATH=/home/pikachu/Documents/ros2/WorkSpace_p1/install/practice/lib:${LD_LIBRARY_PATH} PYTHONPATH=/home/pikachu/Documents/ros2/WorkSpace_p1/install/practice/local/lib/python3.10/dist-packages:${PYTHONPATH} /usr/bin/cmake --build /home/pikachu/Documents/ros2/WorkSpace_p1/build/system_check -- -j16 -l16
[0.082s] Invoking command in '/home/pikachu/Documents/ros2/WorkSpace_p1/build/system_check': AMENT_PREFIX_PATH=/home/pikachu/Documents/ros2/WorkSpace_p1/install/practice:${AMENT_PREFIX_PATH} CMAKE_PREFIX_PATH=/home/pikachu/Documents/ros2/WorkSpace_p1/install/practice:/opt/ros/humble LD_LIBRARY_PATH=/home/pikachu/Documents/ros2/WorkSpace_p1/install/practice/lib:${LD_LIBRARY_PATH} PYTHONPATH=/home/pikachu/Documents/ros2/WorkSpace_p1/install/practice/local/lib/python3.10/dist-packages:${PYTHONPATH} /usr/bin/cmake --install /home/pikachu/Documents/ros2/WorkSpace_p1/build/system_check
[0.087s] -- Install configuration: ""
[0.087s] -- Up-to-date: /home/pikachu/Documents/ros2/WorkSpace_p1/install/system_check/share/ament_index/resource_index/package_run_dependencies/system_check
[0.087s] -- Up-to-date: /home/pikachu/Documents/ros2/WorkSpace_p1/install/system_check/share/ament_index/resource_index/parent_prefix_path/system_check
[0.087s] -- Up-to-date: /home/pikachu/Documents/ros2/WorkSpace_p1/install/system_check/share/system_check/environment/ament_prefix_path.sh
[0.087s] -- Up-to-date: /home/pikachu/Documents/ros2/WorkSpace_p1/install/system_check/share/system_check/environment/ament_prefix_path.dsv
[0.087s] -- Up-to-date: /home/pikachu/Documents/ros2/WorkSpace_p1/install/system_check/share/system_check/environment/path.sh
[0.087s] -- Up-to-date: /home/pikachu/Documents/ros2/WorkSpace_p1/install/system_check/share/system_check/environment/path.dsv
[0.087s] -- Up-to-date: /home/pikachu/Documents/ros2/WorkSpace_p1/install/system_check/share/system_check/local_setup.bash
[0.087s] -- Up-to-date: /home/pikachu/Documents/ros2/WorkSpace_p1/install/system_check/share/system_check/local_setup.sh
[0.087s] -- Up-to-date: /home/pikachu/Documents/ros2/WorkSpace_p1/install/system_check/share/system_check/local_setup.zsh
[0.087s] -- Up-to-date: /home/pikachu/Documents/ros2/WorkSpace_p1/install/system_check/share/system_check/local_setup.dsv
[0.087s] -- Up-to-date: /home/pikachu/Documents/ros2/WorkSpace_p1/install/system_check/share/system_check/package.dsv
[0.087s] -- Up-to-date: /home/pikachu/Documents/ros2/WorkSpace_p1/install/system_check/share/ament_index/resource_index/packages/system_check
[0.087s] -- Up-to-date: /home/pikachu/Documents/ros2/WorkSpace_p1/install/system_check/share/system_check/cmake/system_checkConfig.cmake
[0.087s] -- Up-to-date: /home/pikachu/Documents/ros2/WorkSpace_p1/install/system_check/share/system_check/cmake/system_checkConfig-version.cmake
[0.087s] -- Up-to-date: /home/pikachu/Documents/ros2/WorkSpace_p1/install/system_check/share/system_check/package.xml
[0.087s] -- Up-to-date: /home/pikachu/Documents/ros2/WorkSpace_p1/install/system_check/lib/system_check/system_check
[0.090s] Invoked command in '/home/pikachu/Documents/ros2/WorkSpace_p1/build/system_check' returned '0': AMENT_PREFIX_PATH=/home/pikachu/Documents/ros2/WorkSpace_p1/install/practice:${AMENT_PREFIX_PATH} CMAKE_PREFIX_PATH=/home/pikachu/Documents/ros2/WorkSpace_p1/install/practice:/opt/ros/humble LD_LIBRARY_PATH=/home/pikachu/Documents/ros2/WorkSpace_p1/install/practice/lib:${LD_LIBRARY_PATH} PYTHONPATH=/home/pikachu/Documents/ros2/WorkSpace_p1/install/practice/local/lib/python3.10/dist-packages:${PYTHONPATH} /usr/bin/cmake --install /home/pikachu/Documents/ros2/WorkSpace_p1/build/system_check
